TLC2 Version 2.20 of Day Month 20?? (rev: 29f604f)
Running breadth-first search Model-Checking with fp 74 and seed 4689092485823123464 with 96 workers on 192 cores with 27305MB heap and 64MB offheap memory [pid: 182646] (Linux 6.8.0-71-generic amd64, Ubuntu 21.0.8 x86_64, MSBDiskFPSet, DiskStateQueue).
Parsing file /home/grundmann/lightning-tla/SpecificationIIatoIIIa.toolbox/RefinementA3/MC.tla
Parsing file /home/grundmann/lightning-tla/SpecificationIIatoIIIa.tla
Parsing file /tmp/tlc-6250039335503184139/TLC.tla (jar:file:/home/grundmann/lightning-tla/tla2tools.jar!/tla2sany/StandardModules/TLC.tla)
Parsing file /tmp/tlc-6250039335503184139/_TLCTrace.tla (jar:file:/home/grundmann/lightning-tla/tla2tools.jar!/tla2sany/StandardModules/_TLCTrace.tla)
Parsing file /home/grundmann/lightning-tla/SpecificationIIa.tla
Parsing file /home/grundmann/lightning-tla/SpecificationIItoIII.tla
Parsing file /home/grundmann/lightning-tla/SpecificationII.tla
Parsing file /home/grundmann/lightning-tla/SpecificationI.tla
Parsing file /home/grundmann/lightning-tla/AbstractionHelpers.tla
Parsing file /home/grundmann/lightning-tla/HTLCUserHelper.tla
Parsing file /home/grundmann/lightning-tla/BaseSpec.tla
Parsing file /tmp/tlc-6250039335503184139/Integers.tla (jar:file:/home/grundmann/lightning-tla/tla2tools.jar!/tla2sany/StandardModules/Integers.tla)
Parsing file /tmp/tlc-6250039335503184139/Naturals.tla (jar:file:/home/grundmann/lightning-tla/tla2tools.jar!/tla2sany/StandardModules/Naturals.tla)
Parsing file /tmp/tlc-6250039335503184139/FiniteSets.tla (jar:file:/home/grundmann/lightning-tla/tla2tools.jar!/tla2sany/StandardModules/FiniteSets.tla)
Parsing file /tmp/tlc-6250039335503184139/Sequences.tla (jar:file:/home/grundmann/lightning-tla/tla2tools.jar!/tla2sany/StandardModules/Sequences.tla)
Parsing file /home/grundmann/lightning-tla/SumAmounts.tla
Parsing file /home/grundmann/lightning-tla/SpecificationIIIa.tla
Parsing file /home/grundmann/lightning-tla/SpecificationIII.tla
Parsing file /home/grundmann/lightning-tla/MultiHopMock.tla
Parsing file /home/grundmann/lightning-tla/LedgerTime.tla
Parsing file /home/grundmann/lightning-tla/Ledger.tla
Parsing file /home/grundmann/lightning-tla/LedgerHelper.tla
Parsing file /home/grundmann/lightning-tla/PaymentChannelUser.tla
Parsing file /home/grundmann/lightning-tla/PCUHelper.tla
Parsing file /home/grundmann/lightning-tla/HTLCUser.tla
Parsing file /home/grundmann/lightning-tla/IdealPayments.tla
Parsing file /home/grundmann/lightning-tla/IdealUser.tla
Parsing file /home/grundmann/lightning-tla/TransactionIdOracle.tla
Parsing file /home/grundmann/lightning-tla/PaymentChannelUserWithHistory.tla
Parsing file /home/grundmann/lightning-tla/PCAbstract.tla
Parsing file /tmp/tlc-6250039335503184139/TLCExt.tla (jar:file:/home/grundmann/lightning-tla/tla2tools.jar!/tla2sany/StandardModules/TLCExt.tla)
Semantic processing of module Naturals
Semantic processing of module Integers
Semantic processing of module Sequences
Semantic processing of module FiniteSets
Semantic processing of module SumAmounts
Semantic processing of module TLC
Semantic processing of module AbstractionHelpers
Semantic processing of module HTLCUserHelper
Semantic processing of module IdealPayments
Semantic processing of module IdealUser
Semantic processing of module BaseSpec
Semantic processing of module LedgerHelper
Semantic processing of module Ledger
Semantic processing of module PCUHelper
Semantic processing of module TransactionIdOracle
Semantic processing of module PaymentChannelUser
Semantic processing of module HTLCUser
Semantic processing of module LedgerTime
Semantic processing of module SpecificationI
Semantic processing of module SpecificationII
Semantic processing of module MultiHopMock
Semantic processing of module SpecificationIIa
Semantic processing of module PCAbstract
Semantic processing of module SpecificationIII
Semantic processing of module PaymentChannelUserWithHistory
Semantic processing of module SpecificationIItoIII
Semantic processing of module SpecificationIIIa
Semantic processing of module SpecificationIIatoIIIa
Semantic processing of module TLCExt
Semantic processing of module _TLCTrace
Semantic processing of module MC
Linting of module SumAmounts
Linting of module AbstractionHelpers
Linting of module HTLCUserHelper
Linting of module IdealPayments
Linting of module IdealUser
Linting of module BaseSpec
Linting of module LedgerHelper
Linting of module Ledger
Linting of module PCUHelper
Linting of module TransactionIdOracle
Linting of module PaymentChannelUser
Linting of module HTLCUser
Linting of module LedgerTime
Linting of module SpecificationI
Linting of module SpecificationII
Linting of module MultiHopMock
Linting of module SpecificationIIa
Linting of module PCAbstract
Linting of module SpecificationIII
Linting of module PaymentChannelUserWithHistory
Linting of module SpecificationIItoIII
Linting of module SpecificationIIIa
Linting of module SpecificationIIatoIIIa
Linting of module TLCExt
Linting of module _TLCTrace
Linting of module MC
Starting... (2025-08-20 20:49:16)
Implied-temporal checking--satisfiability problem has 1 branches.
Computing initial states...
Computed 2 initial states...
Finished computing initial states: 4 distinct states generated at 2025-08-20 20:49:17.
Checking temporal properties for the current state space with 3581 total distinct states at (2025-08-20 20:49:21)
Finished checking temporal properties in 00s at 2025-08-20 20:49:21
Progress(16) at 2025-08-20 20:49:21: 19,687 states generated (19,687 s/min), 5,446 distinct states found (5,446 ds/min), 1,861 states left on queue.
Checking temporal properties for the current state space with 50818 total distinct states at (2025-08-20 20:50:21)
Finished checking temporal properties in 00s at 2025-08-20 20:50:22
Progress(37) at 2025-08-20 20:50:22: 667,091 states generated (647,404 s/min), 54,795 distinct states found (49,349 ds/min), 3,970 states left on queue.
Checking temporal properties for the current state space with 79007 total distinct states at (2025-08-20 20:51:23)
Finished checking temporal properties in 00s at 2025-08-20 20:51:23
Progress(44) at 2025-08-20 20:51:23: 1,190,672 states generated (523,581 s/min), 83,483 distinct states found (28,688 ds/min), 4,458 states left on queue.
Progress(46) at 2025-08-20 20:52:03: 1,682,875 states generated, 93,095 distinct states found, 0 states left on queue.
Checking temporal properties for the complete state space with 93095 total distinct states at (2025-08-20 20:52:03)
Finished checking temporal properties in 00s at 2025-08-20 20:52:04
Model checking completed. No error has been found.
  Estimates of the probability that TLC did not check all reachable states
  because two distinct states had the same fingerprint:
  calculated (optimistic):  val = 8.0E-9
  based on the actual fingerprints:  val = 1.2E-9
1682875 states generated, 93095 distinct states found, 0 states left on queue.
The depth of the complete state graph search is 46.
The average outdegree of the complete state graph is 1 (minimum is 0, the maximum 9 and the 95th percentile is 3).
Finished in 02min 48s at (2025-08-20 20:52:04)
