TLC2 Version 2.20 of Day Month 20?? (rev: 29f604f)
Running breadth-first search Model-Checking with fp 51 and seed -993158849526422432 with 96 workers on 192 cores with 27305MB heap and 64MB offheap memory [pid: 190193] (Linux 6.8.0-71-generic amd64, Ubuntu 21.0.8 x86_64, MSBDiskFPSet, DiskStateQueue).
Parsing file /home/grundmann/lightning-tla/SpecificationIV.toolbox/MultiA3/MC.tla
Parsing file /home/grundmann/lightning-tla/SpecificationIV.tla
Parsing file /tmp/tlc-5168150069424067126/TLC.tla (jar:file:/home/grundmann/lightning-tla/tla2tools.jar!/tla2sany/StandardModules/TLC.tla)
Parsing file /tmp/tlc-5168150069424067126/_TLCTrace.tla (jar:file:/home/grundmann/lightning-tla/tla2tools.jar!/tla2sany/StandardModules/_TLCTrace.tla)
Parsing file /home/grundmann/lightning-tla/SpecificationIII.tla
Parsing file /home/grundmann/lightning-tla/BaseSpec.tla
Parsing file /tmp/tlc-5168150069424067126/Integers.tla (jar:file:/home/grundmann/lightning-tla/tla2tools.jar!/tla2sany/StandardModules/Integers.tla)
Parsing file /tmp/tlc-5168150069424067126/Sequences.tla (jar:file:/home/grundmann/lightning-tla/tla2tools.jar!/tla2sany/StandardModules/Sequences.tla)
Parsing file /tmp/tlc-5168150069424067126/Naturals.tla (jar:file:/home/grundmann/lightning-tla/tla2tools.jar!/tla2sany/StandardModules/Naturals.tla)
Parsing file /home/grundmann/lightning-tla/LedgerTime.tla
Parsing file /home/grundmann/lightning-tla/SumAmounts.tla
Parsing file /tmp/tlc-5168150069424067126/FiniteSets.tla (jar:file:/home/grundmann/lightning-tla/tla2tools.jar!/tla2sany/StandardModules/FiniteSets.tla)
Parsing file /home/grundmann/lightning-tla/PCAbstract.tla
Parsing file /home/grundmann/lightning-tla/HTLCUser.tla
Parsing file /home/grundmann/lightning-tla/HTLCUserHelper.tla
Parsing file /home/grundmann/lightning-tla/IdealPayments.tla
Parsing file /home/grundmann/lightning-tla/IdealUser.tla
Parsing file /tmp/tlc-5168150069424067126/TLCExt.tla (jar:file:/home/grundmann/lightning-tla/tla2tools.jar!/tla2sany/StandardModules/TLCExt.tla)
Semantic processing of module Naturals
Semantic processing of module Integers
Semantic processing of module Sequences
Semantic processing of module FiniteSets
Semantic processing of module TLC
Semantic processing of module IdealPayments
Semantic processing of module SumAmounts
Semantic processing of module IdealUser
Semantic processing of module BaseSpec
Semantic processing of module PCAbstract
Semantic processing of module HTLCUserHelper
Semantic processing of module HTLCUser
Semantic processing of module LedgerTime
Semantic processing of module SpecificationIII
Semantic processing of module SpecificationIV
Semantic processing of module TLCExt
Semantic processing of module _TLCTrace
Semantic processing of module MC
Linting of module IdealPayments
Linting of module SumAmounts
Linting of module IdealUser
Linting of module BaseSpec
Linting of module PCAbstract
Linting of module HTLCUserHelper
Linting of module HTLCUser
Linting of module LedgerTime
Linting of module SpecificationIII
Linting of module SpecificationIV
Linting of module TLCExt
Linting of module _TLCTrace
Linting of module MC
Starting... (2025-08-21 13:17:43)
Implied-temporal checking--satisfiability problem has 1 branches.
Computing initial states...
Computed 2 initial states...
Computed 4 initial states...
Finished computing initial states: 8 distinct states generated at 2025-08-21 13:17:44.
Checking temporal properties for the current state space with 13005 total distinct states at (2025-08-21 13:17:47)
Finished checking temporal properties in 00s at 2025-08-21 13:17:47
Progress(16) at 2025-08-21 13:17:47: 77,966 states generated (77,966 s/min), 18,577 distinct states found (18,577 ds/min), 5,570 states left on queue.
Progress(26) at 2025-08-21 13:18:29: 2,654,725 states generated, 329,974 distinct states found, 0 states left on queue.
Checking temporal properties for the complete state space with 329974 total distinct states at (2025-08-21 13:18:29)
Finished checking temporal properties in 06s at 2025-08-21 13:18:36
Model checking completed. No error has been found.
  Estimates of the probability that TLC did not check all reachable states
  because two distinct states had the same fingerprint:
  calculated (optimistic):  val = 4.2E-8
  based on the actual fingerprints:  val = 5.4E-9
2654725 states generated, 329974 distinct states found, 0 states left on queue.
The depth of the complete state graph search is 26.
The average outdegree of the complete state graph is 1 (minimum is 0, the maximum 12 and the 95th percentile is 4).
Finished in 52s at (2025-08-21 13:18:36)
