TLC2 Version 2.20 of Day Month 20?? (rev: 29f604f)
Running breadth-first search Model-Checking with fp 53 and seed 2185743403617744123 with 96 workers on 192 cores with 27305MB heap and 64MB offheap memory [pid: 190489] (Linux 6.8.0-71-generic amd64, Ubuntu 21.0.8 x86_64, MSBDiskFPSet, DiskStateQueue).
Parsing file /home/grundmann/lightning-tla/SpecificationIV.toolbox/MultiA3C2/MC.tla
Parsing file /home/grundmann/lightning-tla/SpecificationIV.tla
Parsing file /tmp/tlc-5753422102338600078/TLC.tla (jar:file:/home/grundmann/lightning-tla/tla2tools.jar!/tla2sany/StandardModules/TLC.tla)
Parsing file /tmp/tlc-5753422102338600078/_TLCTrace.tla (jar:file:/home/grundmann/lightning-tla/tla2tools.jar!/tla2sany/StandardModules/_TLCTrace.tla)
Parsing file /home/grundmann/lightning-tla/SpecificationIII.tla
Parsing file /home/grundmann/lightning-tla/BaseSpec.tla
Parsing file /tmp/tlc-5753422102338600078/Integers.tla (jar:file:/home/grundmann/lightning-tla/tla2tools.jar!/tla2sany/StandardModules/Integers.tla)
Parsing file /tmp/tlc-5753422102338600078/Sequences.tla (jar:file:/home/grundmann/lightning-tla/tla2tools.jar!/tla2sany/StandardModules/Sequences.tla)
Parsing file /tmp/tlc-5753422102338600078/Naturals.tla (jar:file:/home/grundmann/lightning-tla/tla2tools.jar!/tla2sany/StandardModules/Naturals.tla)
Parsing file /home/grundmann/lightning-tla/LedgerTime.tla
Parsing file /home/grundmann/lightning-tla/SumAmounts.tla
Parsing file /tmp/tlc-5753422102338600078/FiniteSets.tla (jar:file:/home/grundmann/lightning-tla/tla2tools.jar!/tla2sany/StandardModules/FiniteSets.tla)
Parsing file /home/grundmann/lightning-tla/PCAbstract.tla
Parsing file /home/grundmann/lightning-tla/HTLCUser.tla
Parsing file /home/grundmann/lightning-tla/HTLCUserHelper.tla
Parsing file /home/grundmann/lightning-tla/IdealPayments.tla
Parsing file /home/grundmann/lightning-tla/IdealUser.tla
Parsing file /tmp/tlc-5753422102338600078/TLCExt.tla (jar:file:/home/grundmann/lightning-tla/tla2tools.jar!/tla2sany/StandardModules/TLCExt.tla)
Semantic processing of module Naturals
Semantic processing of module Integers
Semantic processing of module Sequences
Semantic processing of module FiniteSets
Semantic processing of module TLC
Semantic processing of module IdealPayments
Semantic processing of module SumAmounts
Semantic processing of module IdealUser
Semantic processing of module BaseSpec
Semantic processing of module PCAbstract
Semantic processing of module HTLCUserHelper
Semantic processing of module HTLCUser
Semantic processing of module LedgerTime
Semantic processing of module SpecificationIII
Semantic processing of module SpecificationIV
Semantic processing of module TLCExt
Semantic processing of module _TLCTrace
Semantic processing of module MC
Linting of module IdealPayments
Linting of module SumAmounts
Linting of module IdealUser
Linting of module BaseSpec
Linting of module PCAbstract
Linting of module HTLCUserHelper
Linting of module HTLCUser
Linting of module LedgerTime
Linting of module SpecificationIII
Linting of module SpecificationIV
Linting of module TLCExt
Linting of module _TLCTrace
Linting of module MC
Starting... (2025-08-21 13:18:38)
Implied-temporal checking--satisfiability problem has 1 branches.
Computing initial states...
Computed 2 initial states...
Computed 4 initial states...
Finished computing initial states: 8 distinct states generated at 2025-08-21 13:18:38.
Checking temporal properties for the current state space with 5327 total distinct states at (2025-08-21 13:18:41)
Finished checking temporal properties in 00s at 2025-08-21 13:18:41
Progress(8) at 2025-08-21 13:18:41: 41,559 states generated (41,559 s/min), 8,898 distinct states found (8,898 ds/min), 3,566 states left on queue.
Checking temporal properties for the current state space with 293559 total distinct states at (2025-08-21 13:19:41)
Finished checking temporal properties in 05s at 2025-08-21 13:19:47
Progress(20) at 2025-08-21 13:19:47: 2,789,527 states generated (2,747,968 s/min), 489,973 distinct states found (481,075 ds/min), 196,407 states left on queue.
Checking temporal properties for the current state space with 557468 total distinct states at (2025-08-21 13:20:47)
Finished checking temporal properties in 12s at 2025-08-21 13:20:59
Progress(21) at 2025-08-21 13:20:59: 5,577,316 states generated (2,787,789 s/min), 908,379 distinct states found (418,406 ds/min), 350,905 states left on queue.
Checking temporal properties for the current state space with 820599 total distinct states at (2025-08-21 13:21:59)
Finished checking temporal properties in 19s at 2025-08-21 13:22:19
Progress(22) at 2025-08-21 13:22:19: 8,394,640 states generated (2,817,324 s/min), 1,284,622 distinct states found (376,243 ds/min), 464,018 states left on queue.
Checking temporal properties for the current state space with 1091551 total distinct states at (2025-08-21 13:23:19)
Finished checking temporal properties in 27s at 2025-08-21 13:23:47
Progress(22) at 2025-08-21 13:23:47: 11,313,639 states generated (2,918,999 s/min), 1,623,592 distinct states found (338,970 ds/min), 532,036 states left on queue.
Progress(23) at 2025-08-21 13:24:47: 13,894,399 states generated (2,580,760 s/min), 1,943,840 distinct states found (320,248 ds/min), 572,754 states left on queue.
Checking temporal properties for the current state space with 1653964 total distinct states at (2025-08-21 13:25:47)
Finished checking temporal properties in 41s at 2025-08-21 13:26:29
Progress(23) at 2025-08-21 13:26:29: 16,999,063 states generated (3,104,664 s/min), 2,241,453 distinct states found (297,613 ds/min), 587,485 states left on queue.
Progress(24) at 2025-08-21 13:27:29: 19,518,543 states generated (2,519,480 s/min), 2,524,113 distinct states found (282,660 ds/min), 575,006 states left on queue.
Progress(24) at 2025-08-21 13:28:29: 22,863,720 states generated (3,345,177 s/min), 2,801,639 distinct states found (277,526 ds/min), 547,865 states left on queue.
Checking temporal properties for the current state space with 2566771 total distinct states at (2025-08-21 13:29:29)
Finished checking temporal properties in 01min 05s at 2025-08-21 13:30:34
Progress(25) at 2025-08-21 13:30:34: 25,534,176 states generated (2,670,456 s/min), 3,079,498 distinct states found (277,859 ds/min), 512,723 states left on queue.
Progress(26) at 2025-08-21 13:31:34: 29,001,405 states generated (3,467,229 s/min), 3,364,721 distinct states found (285,223 ds/min), 481,812 states left on queue.
Progress(26) at 2025-08-21 13:32:34: 32,148,234 states generated (3,146,829 s/min), 3,666,018 distinct states found (301,297 ds/min), 473,552 states left on queue.
Progress(27) at 2025-08-21 13:33:34: 35,118,043 states generated (2,969,809 s/min), 3,943,128 distinct states found (277,110 ds/min), 423,813 states left on queue.
Checking temporal properties for the current state space with 3846330 total distinct states at (2025-08-21 13:34:34)
Finished checking temporal properties in 01min 41s at 2025-08-21 13:36:15
Progress(28) at 2025-08-21 13:36:15: 38,409,047 states generated (3,291,004 s/min), 4,246,561 distinct states found (303,433 ds/min), 400,227 states left on queue.
Progress(29) at 2025-08-21 13:37:15: 41,749,652 states generated (3,340,605 s/min), 4,581,327 distinct states found (334,766 ds/min), 402,091 states left on queue.
Progress(29) at 2025-08-21 13:38:15: 45,022,433 states generated (3,272,781 s/min), 4,963,320 distinct states found (381,993 ds/min), 473,693 states left on queue.
Progress(30) at 2025-08-21 13:39:15: 47,581,609 states generated (2,559,176 s/min), 5,365,664 distinct states found (402,344 ds/min), 560,240 states left on queue.
Progress(31) at 2025-08-21 13:40:15: 51,236,833 states generated (3,655,224 s/min), 5,779,247 distinct states found (413,583 ds/min), 651,386 states left on queue.
Progress(31) at 2025-08-21 13:41:15: 54,555,524 states generated (3,318,691 s/min), 6,182,195 distinct states found (402,948 ds/min), 740,090 states left on queue.
Progress(32) at 2025-08-21 13:42:15: 58,601,373 states generated (4,045,849 s/min), 6,603,938 distinct states found (421,743 ds/min), 846,810 states left on queue.
Checking temporal properties for the current state space with 6051272 total distinct states at (2025-08-21 13:43:15)
Finished checking temporal properties in 02min 33s at 2025-08-21 13:45:48
Progress(32) at 2025-08-21 13:45:48: 61,142,755 states generated (2,541,382 s/min), 6,979,462 distinct states found (375,524 ds/min), 928,186 states left on queue.
Progress(32) at 2025-08-21 13:46:48: 65,833,473 states generated (4,690,718 s/min), 7,374,391 distinct states found (394,929 ds/min), 1,006,468 states left on queue.
Progress(33) at 2025-08-21 13:47:48: 68,662,211 states generated (2,828,738 s/min), 7,718,097 distinct states found (343,706 ds/min), 1,055,290 states left on queue.
Checkpointing of run states/25-08-21-13-18-37.684
Checkpointing completed at (2025-08-21 13:48:49)
Progress(33) at 2025-08-21 13:48:49: 71,097,550 states generated (2,435,339 s/min), 8,020,185 distinct states found (302,088 ds/min), 1,063,792 states left on queue.
Progress(33) at 2025-08-21 13:49:49: 75,067,088 states generated (3,969,538 s/min), 8,331,481 distinct states found (311,296 ds/min), 1,057,068 states left on queue.
Progress(34) at 2025-08-21 13:50:49: 78,437,201 states generated (3,370,113 s/min), 8,659,737 distinct states found (328,256 ds/min), 1,079,213 states left on queue.
Progress(34) at 2025-08-21 13:51:49: 80,858,609 states generated (2,421,408 s/min), 8,896,191 distinct states found (236,454 ds/min), 1,027,479 states left on queue.
Progress(34) at 2025-08-21 13:52:49: 83,841,752 states generated (2,983,143 s/min), 9,138,745 distinct states found (242,554 ds/min), 973,394 states left on queue.
Progress(34) at 2025-08-21 13:53:49: 88,382,104 states generated (4,540,352 s/min), 9,398,264 distinct states found (259,519 ds/min), 915,001 states left on queue.
