TLC2 Version 2.20 of Day Month 20?? (rev: 29f604f)
Running breadth-first search Model-Checking with fp 67 and seed 7097043474780556918 with 96 workers on 192 cores with 27305MB heap and 64MB offheap memory [pid: 191637] (Linux 6.8.0-71-generic amd64, Ubuntu 21.0.8 x86_64, MSBDiskFPSet, DiskStateQueue).
Parsing file /home/grundmann/lightning-tla/SpecificationIV.toolbox/MultiA3B1B1/MC.tla
Parsing file /home/grundmann/lightning-tla/SpecificationIV.tla
Parsing file /tmp/tlc-17647894906433820255/TLC.tla (jar:file:/home/grundmann/lightning-tla/tla2tools.jar!/tla2sany/StandardModules/TLC.tla)
Parsing file /tmp/tlc-17647894906433820255/_TLCTrace.tla (jar:file:/home/grundmann/lightning-tla/tla2tools.jar!/tla2sany/StandardModules/_TLCTrace.tla)
Parsing file /home/grundmann/lightning-tla/SpecificationIII.tla
Parsing file /home/grundmann/lightning-tla/BaseSpec.tla
Parsing file /tmp/tlc-17647894906433820255/Integers.tla (jar:file:/home/grundmann/lightning-tla/tla2tools.jar!/tla2sany/StandardModules/Integers.tla)
Parsing file /tmp/tlc-17647894906433820255/Sequences.tla (jar:file:/home/grundmann/lightning-tla/tla2tools.jar!/tla2sany/StandardModules/Sequences.tla)
Parsing file /tmp/tlc-17647894906433820255/Naturals.tla (jar:file:/home/grundmann/lightning-tla/tla2tools.jar!/tla2sany/StandardModules/Naturals.tla)
Parsing file /home/grundmann/lightning-tla/LedgerTime.tla
Parsing file /home/grundmann/lightning-tla/SumAmounts.tla
Parsing file /tmp/tlc-17647894906433820255/FiniteSets.tla (jar:file:/home/grundmann/lightning-tla/tla2tools.jar!/tla2sany/StandardModules/FiniteSets.tla)
Parsing file /home/grundmann/lightning-tla/PCAbstract.tla
Parsing file /home/grundmann/lightning-tla/HTLCUser.tla
Parsing file /home/grundmann/lightning-tla/HTLCUserHelper.tla
Parsing file /home/grundmann/lightning-tla/IdealPayments.tla
Parsing file /home/grundmann/lightning-tla/IdealUser.tla
Parsing file /tmp/tlc-17647894906433820255/TLCExt.tla (jar:file:/home/grundmann/lightning-tla/tla2tools.jar!/tla2sany/StandardModules/TLCExt.tla)
Semantic processing of module Naturals
Semantic processing of module Integers
Semantic processing of module Sequences
Semantic processing of module FiniteSets
Semantic processing of module TLC
Semantic processing of module IdealPayments
Semantic processing of module SumAmounts
Semantic processing of module IdealUser
Semantic processing of module BaseSpec
Semantic processing of module PCAbstract
Semantic processing of module HTLCUserHelper
Semantic processing of module HTLCUser
Semantic processing of module LedgerTime
Semantic processing of module SpecificationIII
Semantic processing of module SpecificationIV
Semantic processing of module TLCExt
Semantic processing of module _TLCTrace
Semantic processing of module MC
Linting of module IdealPayments
Linting of module SumAmounts
Linting of module IdealUser
Linting of module BaseSpec
Linting of module PCAbstract
Linting of module HTLCUserHelper
Linting of module HTLCUser
Linting of module LedgerTime
Linting of module SpecificationIII
Linting of module SpecificationIV
Linting of module TLCExt
Linting of module _TLCTrace
Linting of module MC
Starting... (2025-08-21 15:20:13)
Implied-temporal checking--satisfiability problem has 1 branches.
Computing initial states...
Computed 2 initial states...
Computed 4 initial states...
Finished computing initial states: 8 distinct states generated at 2025-08-21 15:20:13.
Checking temporal properties for the current state space with 7112 total distinct states at (2025-08-21 15:20:16)
Finished checking temporal properties in 00s at 2025-08-21 15:20:16
Progress(8) at 2025-08-21 15:20:16: 78,847 states generated (78,847 s/min), 15,046 distinct states found (15,046 ds/min), 7,930 states left on queue.
Checking temporal properties for the current state space with 261253 total distinct states at (2025-08-21 15:21:16)
Finished checking temporal properties in 05s at 2025-08-21 15:21:22
Progress(16) at 2025-08-21 15:21:22: 2,621,417 states generated (2,542,570 s/min), 354,871 distinct states found (339,825 ds/min), 93,611 states left on queue.
Checking temporal properties for the current state space with 505252 total distinct states at (2025-08-21 15:22:22)
Finished checking temporal properties in 11s at 2025-08-21 15:22:33
Progress(18) at 2025-08-21 15:22:33: 5,187,036 states generated (2,565,619 s/min), 709,528 distinct states found (354,657 ds/min), 204,270 states left on queue.
Checking temporal properties for the current state space with 745203 total distinct states at (2025-08-21 15:23:33)
Finished checking temporal properties in 18s at 2025-08-21 15:23:52
Progress(19) at 2025-08-21 15:23:52: 7,747,240 states generated (2,560,204 s/min), 1,055,723 distinct states found (346,195 ds/min), 310,516 states left on queue.
Checking temporal properties for the current state space with 980349 total distinct states at (2025-08-21 15:24:52)
Finished checking temporal properties in 25s at 2025-08-21 15:25:17
Progress(20) at 2025-08-21 15:25:17: 10,381,187 states generated (2,633,947 s/min), 1,406,588 distinct states found (350,865 ds/min), 426,235 states left on queue.
Checking temporal properties for the current state space with 1205759 total distinct states at (2025-08-21 15:26:17)
Finished checking temporal properties in 32s at 2025-08-21 15:26:49
Progress(21) at 2025-08-21 15:26:49: 12,914,088 states generated (2,532,901 s/min), 1,738,149 distinct states found (331,561 ds/min), 532,386 states left on queue.
Progress(21) at 2025-08-21 15:27:49: 15,619,580 states generated (2,705,492 s/min), 2,109,548 distinct states found (371,399 ds/min), 680,011 states left on queue.
Progress(21) at 2025-08-21 15:28:49: 18,166,038 states generated (2,546,458 s/min), 2,435,442 distinct states found (325,894 ds/min), 801,275 states left on queue.
Checking temporal properties for the current state space with 1851954 total distinct states at (2025-08-21 15:29:49)
Finished checking temporal properties in 48s at 2025-08-21 15:30:38
Progress(22) at 2025-08-21 15:30:38: 20,672,085 states generated (2,506,047 s/min), 2,770,641 distinct states found (335,199 ds/min), 918,683 states left on queue.
Progress(22) at 2025-08-21 15:31:38: 23,537,496 states generated (2,865,411 s/min), 3,127,477 distinct states found (356,836 ds/min), 1,062,411 states left on queue.
Progress(22) at 2025-08-21 15:32:38: 26,046,287 states generated (2,508,791 s/min), 3,460,972 distinct states found (333,495 ds/min), 1,186,487 states left on queue.
Checking temporal properties for the current state space with 2459553 total distinct states at (2025-08-21 15:33:38)
Finished checking temporal properties in 01min 08s at 2025-08-21 15:34:47
Progress(22) at 2025-08-21 15:34:47: 28,570,316 states generated (2,524,029 s/min), 3,769,366 distinct states found (308,394 ds/min), 1,309,809 states left on queue.
Progress(23) at 2025-08-21 15:35:47: 31,078,764 states generated (2,508,448 s/min), 4,077,154 distinct states found (307,788 ds/min), 1,403,093 states left on queue.
Progress(23) at 2025-08-21 15:36:47: 33,804,032 states generated (2,725,268 s/min), 4,414,589 distinct states found (337,435 ds/min), 1,522,223 states left on queue.
Progress(23) at 2025-08-21 15:37:47: 36,640,251 states generated (2,836,219 s/min), 4,740,082 distinct states found (325,493 ds/min), 1,645,970 states left on queue.
Progress(23) at 2025-08-21 15:38:47: 39,200,002 states generated (2,559,751 s/min), 5,068,965 distinct states found (328,883 ds/min), 1,753,586 states left on queue.
Checking temporal properties for the current state space with 3500355 total distinct states at (2025-08-21 15:39:47)
Finished checking temporal properties in 01min 33s at 2025-08-21 15:41:21
Progress(23) at 2025-08-21 15:41:21: 41,676,036 states generated (2,476,034 s/min), 5,341,222 distinct states found (272,257 ds/min), 1,840,863 states left on queue.
Progress(23) at 2025-08-21 15:42:21: 44,264,461 states generated (2,588,425 s/min), 5,642,450 distinct states found (301,228 ds/min), 1,950,957 states left on queue.
Progress(23) at 2025-08-21 15:43:21: 46,702,782 states generated (2,438,321 s/min), 5,920,992 distinct states found (278,542 ds/min), 2,034,093 states left on queue.
Progress(24) at 2025-08-21 15:44:21: 49,037,794 states generated (2,335,012 s/min), 6,206,417 distinct states found (285,425 ds/min), 2,110,500 states left on queue.
Progress(24) at 2025-08-21 15:45:21: 51,731,924 states generated (2,694,130 s/min), 6,536,482 distinct states found (330,065 ds/min), 2,221,381 states left on queue.
Progress(24) at 2025-08-21 15:46:21: 54,666,408 states generated (2,934,484 s/min), 6,889,232 distinct states found (352,750 ds/min), 2,365,822 states left on queue.
Checking temporal properties for the current state space with 4714512 total distinct states at (2025-08-21 15:47:21)
Finished checking temporal properties in 02min 11s at 2025-08-21 15:49:32
Progress(24) at 2025-08-21 15:49:32: 57,422,370 states generated (2,755,962 s/min), 7,170,050 distinct states found (280,818 ds/min), 2,455,533 states left on queue.
Checkpointing of run states/25-08-21-15-20-12.643
Checkpointing completed at (2025-08-21 15:50:32)
Progress(24) at 2025-08-21 15:50:32: 60,137,127 states generated (2,714,757 s/min), 7,475,155 distinct states found (305,105 ds/min), 2,538,914 states left on queue.
Progress(24) at 2025-08-21 15:51:32: 62,676,051 states generated (2,538,924 s/min), 7,792,199 distinct states found (317,044 ds/min), 2,640,779 states left on queue.
Progress(24) at 2025-08-21 15:52:32: 65,050,964 states generated (2,374,913 s/min), 8,019,371 distinct states found (227,172 ds/min), 2,690,572 states left on queue.
Progress(24) at 2025-08-21 15:53:32: 67,632,990 states generated (2,582,026 s/min), 8,261,468 distinct states found (242,097 ds/min), 2,759,592 states left on queue.
Progress(24) at 2025-08-21 15:54:32: 70,080,306 states generated (2,447,316 s/min), 8,589,896 distinct states found (328,428 ds/min), 2,884,634 states left on queue.
Progress(24) at 2025-08-21 15:55:32: 72,443,147 states generated (2,362,841 s/min), 8,850,330 distinct states found (260,434 ds/min), 2,948,439 states left on queue.
Progress(25) at 2025-08-21 15:56:32: 74,900,425 states generated (2,457,278 s/min), 9,157,651 distinct states found (307,321 ds/min), 3,036,295 states left on queue.
Progress(25) at 2025-08-21 15:57:32: 77,284,837 states generated (2,384,412 s/min), 9,419,965 distinct states found (262,314 ds/min), 3,087,687 states left on queue.
Checking temporal properties for the current state space with 6548309 total distinct states at (2025-08-21 15:58:32)
Finished checking temporal properties in 03min 00s at 2025-08-21 16:01:33
Progress(25) at 2025-08-21 16:01:33: 80,099,674 states generated (2,814,837 s/min), 9,756,778 distinct states found (336,813 ds/min), 3,208,464 states left on queue.
Progress(25) at 2025-08-21 16:02:33: 83,122,320 states generated (3,022,646 s/min), 10,064,850 distinct states found (308,072 ds/min), 3,306,622 states left on queue.
Progress(25) at 2025-08-21 16:03:33: 86,146,618 states generated (3,024,298 s/min), 10,399,228 distinct states found (334,378 ds/min), 3,416,344 states left on queue.
Progress(25) at 2025-08-21 16:04:33: 88,919,927 states generated (2,773,309 s/min), 10,649,314 distinct states found (250,086 ds/min), 3,475,178 states left on queue.
Progress(25) at 2025-08-21 16:05:33: 91,655,639 states generated (2,735,712 s/min), 10,964,786 distinct states found (315,472 ds/min), 3,567,440 states left on queue.
Progress(25) at 2025-08-21 16:06:33: 94,030,503 states generated (2,374,864 s/min), 11,256,128 distinct states found (291,342 ds/min), 3,650,529 states left on queue.
Progress(25) at 2025-08-21 16:07:33: 96,520,592 states generated (2,490,089 s/min), 11,544,849 distinct states found (288,721 ds/min), 3,729,049 states left on queue.
Progress(25) at 2025-08-21 16:08:33: 98,789,790 states generated (2,269,198 s/min), 11,764,770 distinct states found (219,921 ds/min), 3,777,703 states left on queue.
Progress(25) at 2025-08-21 16:09:33: 101,399,614 states generated (2,609,824 s/min), 11,960,288 distinct states found (195,518 ds/min), 3,814,026 states left on queue.
Progress(25) at 2025-08-21 16:10:33: 103,840,909 states generated (2,441,295 s/min), 12,262,139 distinct states found (301,851 ds/min), 3,902,073 states left on queue.
Progress(25) at 2025-08-21 16:11:33: 106,318,790 states generated (2,477,881 s/min), 12,585,609 distinct states found (323,470 ds/min), 4,023,940 states left on queue.
Progress(25) at 2025-08-21 16:12:33: 108,599,596 states generated (2,280,806 s/min), 12,839,128 distinct states found (253,519 ds/min), 4,087,256 states left on queue.
Checking temporal properties for the current state space with 8975943 total distinct states at (2025-08-21 16:13:33)
Finished checking temporal properties in 04min 07s at 2025-08-21 16:17:41
Progress(26) at 2025-08-21 16:17:41: 111,108,039 states generated (2,508,443 s/min), 13,128,894 distinct states found (289,766 ds/min), 4,152,947 states left on queue.
Progress(26) at 2025-08-21 16:18:41: 113,481,365 states generated (2,373,326 s/min), 13,414,891 distinct states found (285,997 ds/min), 4,228,491 states left on queue.
Progress(26) at 2025-08-21 16:19:41: 115,875,569 states generated (2,394,204 s/min), 13,675,661 distinct states found (260,770 ds/min), 4,272,204 states left on queue.
Checkpointing of run states/25-08-21-15-20-12.643
Checkpointing completed at (2025-08-21 16:20:42)
Progress(26) at 2025-08-21 16:20:42: 118,706,174 states generated (2,830,605 s/min), 14,004,088 distinct states found (328,427 ds/min), 4,375,244 states left on queue.
Progress(26) at 2025-08-21 16:21:42: 121,644,069 states generated (2,937,895 s/min), 14,327,110 distinct states found (323,022 ds/min), 4,490,899 states left on queue.
Progress(26) at 2025-08-21 16:22:42: 124,786,346 states generated (3,142,277 s/min), 14,612,434 distinct states found (285,324 ds/min), 4,558,319 states left on queue.
Progress(26) at 2025-08-21 16:23:42: 127,949,457 states generated (3,163,111 s/min), 14,945,934 distinct states found (333,500 ds/min), 4,645,364 states left on queue.
Progress(26) at 2025-08-21 16:24:42: 130,766,231 states generated (2,816,774 s/min), 15,252,108 distinct states found (306,174 ds/min), 4,756,458 states left on queue.
Progress(26) at 2025-08-21 16:25:42: 133,770,333 states generated (3,004,102 s/min), 15,468,701 distinct states found (216,593 ds/min), 4,754,313 states left on queue.
Progress(26) at 2025-08-21 16:26:42: 136,193,569 states generated (2,423,236 s/min), 15,794,848 distinct states found (326,147 ds/min), 4,864,383 states left on queue.
Progress(26) at 2025-08-21 16:27:42: 138,527,172 states generated (2,333,603 s/min), 16,070,926 distinct states found (276,078 ds/min), 4,928,733 states left on queue.
Progress(26) at 2025-08-21 16:28:42: 141,032,337 states generated (2,505,165 s/min), 16,365,777 distinct states found (294,851 ds/min), 5,023,410 states left on queue.
Progress(26) at 2025-08-21 16:29:42: 143,379,575 states generated (2,347,238 s/min), 16,641,342 distinct states found (275,565 ds/min), 5,084,043 states left on queue.
Progress(26) at 2025-08-21 16:30:42: 145,695,859 states generated (2,316,284 s/min), 16,859,766 distinct states found (218,424 ds/min), 5,122,166 states left on queue.
Progress(26) at 2025-08-21 16:31:42: 148,239,755 states generated (2,543,896 s/min), 17,056,376 distinct states found (196,610 ds/min), 5,157,400 states left on queue.
Progress(26) at 2025-08-21 16:32:42: 150,821,997 states generated (2,582,242 s/min), 17,304,293 distinct states found (247,917 ds/min), 5,225,542 states left on queue.
Checking temporal properties for the current state space with 12310068 total distinct states at (2025-08-21 16:33:42)
Finished checking temporal properties in 06min 00s at 2025-08-21 16:39:42
Progress(26) at 2025-08-21 16:39:42: 153,226,360 states generated (2,404,363 s/min), 17,608,838 distinct states found (304,545 ds/min), 5,298,766 states left on queue.
Progress(26) at 2025-08-21 16:40:42: 155,732,320 states generated (2,505,960 s/min), 17,930,597 distinct states found (321,759 ds/min), 5,413,922 states left on queue.
Progress(26) at 2025-08-21 16:41:42: 158,066,718 states generated (2,334,398 s/min), 18,185,234 distinct states found (254,637 ds/min), 5,473,109 states left on queue.
Progress(26) at 2025-08-21 16:42:42: 160,441,203 states generated (2,374,485 s/min), 18,422,920 distinct states found (237,686 ds/min), 5,508,712 states left on queue.
Progress(27) at 2025-08-21 16:43:42: 162,940,547 states generated (2,499,344 s/min), 18,738,320 distinct states found (315,400 ds/min), 5,610,991 states left on queue.
Progress(27) at 2025-08-21 16:44:42: 165,306,801 states generated (2,366,254 s/min), 19,004,930 distinct states found (266,610 ds/min), 5,653,897 states left on queue.
Progress(27) at 2025-08-21 16:45:42: 167,669,756 states generated (2,362,955 s/min), 19,287,531 distinct states found (282,601 ds/min), 5,722,825 states left on queue.
Progress(27) at 2025-08-21 16:46:42: 170,201,835 states generated (2,532,079 s/min), 19,549,032 distinct states found (261,501 ds/min), 5,772,329 states left on queue.
Progress(27) at 2025-08-21 16:47:42: 173,079,155 states generated (2,877,320 s/min), 19,902,988 distinct states found (353,956 ds/min), 5,901,978 states left on queue.
Progress(27) at 2025-08-21 16:48:42: 176,065,661 states generated (2,986,506 s/min), 20,209,223 distinct states found (306,235 ds/min), 5,994,418 states left on queue.
Progress(27) at 2025-08-21 16:49:42: 179,192,447 states generated (3,126,786 s/min), 20,514,824 distinct states found (305,601 ds/min), 6,092,118 states left on queue.
Checkpointing of run states/25-08-21-15-20-12.643
Checkpointing completed at (2025-08-21 16:50:43)
Progress(27) at 2025-08-21 16:50:43: 182,445,691 states generated (3,253,244 s/min), 20,799,754 distinct states found (284,930 ds/min), 6,138,192 states left on queue.
Progress(27) at 2025-08-21 16:51:43: 185,425,395 states generated (2,979,704 s/min), 21,134,298 distinct states found (334,544 ds/min), 6,230,976 states left on queue.
Progress(27) at 2025-08-21 16:52:43: 188,632,407 states generated (3,207,012 s/min), 21,395,386 distinct states found (261,088 ds/min), 6,276,195 states left on queue.
Progress(27) at 2025-08-21 16:53:43: 191,286,094 states generated (2,653,687 s/min), 21,676,676 distinct states found (281,290 ds/min), 6,377,443 states left on queue.
Progress(27) at 2025-08-21 16:54:43: 194,221,597 states generated (2,935,503 s/min), 21,923,191 distinct states found (246,515 ds/min), 6,396,840 states left on queue.
Progress(27) at 2025-08-21 16:55:43: 196,628,202 states generated (2,406,605 s/min), 22,217,253 distinct states found (294,062 ds/min), 6,477,798 states left on queue.
Progress(27) at 2025-08-21 16:56:43: 198,909,491 states generated (2,281,289 s/min), 22,472,844 distinct states found (255,591 ds/min), 6,527,323 states left on queue.
Progress(27) at 2025-08-21 16:57:43: 201,365,240 states generated (2,455,749 s/min), 22,796,431 distinct states found (323,587 ds/min), 6,638,839 states left on queue.
Progress(27) at 2025-08-21 16:58:43: 203,857,679 states generated (2,492,439 s/min), 23,063,025 distinct states found (266,594 ds/min), 6,693,913 states left on queue.
Progress(27) at 2025-08-21 16:59:43: 206,273,088 states generated (2,415,409 s/min), 23,352,129 distinct states found (289,104 ds/min), 6,753,234 states left on queue.
Progress(27) at 2025-08-21 17:00:43: 208,554,062 states generated (2,280,974 s/min), 23,588,820 distinct states found (236,691 ds/min), 6,801,826 states left on queue.
Progress(27) at 2025-08-21 17:01:43: 210,984,606 states generated (2,430,544 s/min), 23,785,166 distinct states found (196,346 ds/min), 6,841,726 states left on queue.
Progress(27) at 2025-08-21 17:02:43: 213,735,894 states generated (2,751,288 s/min), 23,977,010 distinct states found (191,844 ds/min), 6,875,114 states left on queue.
Checking temporal properties for the current state space with 17286675 total distinct states at (2025-08-21 17:03:43)
Finished checking temporal properties in 08min 00s at 2025-08-21 17:11:44
Progress(27) at 2025-08-21 17:11:44: 216,243,337 states generated (2,507,443 s/min), 24,239,172 distinct states found (262,162 ds/min), 6,952,492 states left on queue.
Progress(27) at 2025-08-21 17:12:44: 218,692,735 states generated (2,449,398 s/min), 24,535,106 distinct states found (295,934 ds/min), 7,009,753 states left on queue.
Progress(27) at 2025-08-21 17:13:44: 221,164,551 states generated (2,471,816 s/min), 24,864,526 distinct states found (329,420 ds/min), 7,128,161 states left on queue.
Progress(27) at 2025-08-21 17:14:44: 223,667,328 states generated (2,502,777 s/min), 25,151,434 distinct states found (286,908 ds/min), 7,208,157 states left on queue.
Progress(27) at 2025-08-21 17:15:44: 226,068,481 states generated (2,401,153 s/min), 25,379,517 distinct states found (228,083 ds/min), 7,235,862 states left on queue.
Progress(27) at 2025-08-21 17:16:44: 228,322,486 states generated (2,254,005 s/min), 25,627,765 distinct states found (248,248 ds/min), 7,311,552 states left on queue.
Progress(27) at 2025-08-21 17:17:44: 230,812,042 states generated (2,489,556 s/min), 25,907,507 distinct states found (279,742 ds/min), 7,367,578 states left on queue.
Progress(27) at 2025-08-21 17:18:44: 233,259,411 states generated (2,447,369 s/min), 26,189,319 distinct states found (281,812 ds/min), 7,446,567 states left on queue.
Progress(27) at 2025-08-21 17:19:44: 235,630,810 states generated (2,371,399 s/min), 26,451,517 distinct states found (262,198 ds/min), 7,477,183 states left on queue.
Checkpointing of run states/25-08-21-15-20-12.643
Checkpointing completed at (2025-08-21 17:20:44)
Progress(27) at 2025-08-21 17:20:44: 237,963,908 states generated (2,333,098 s/min), 26,707,338 distinct states found (255,821 ds/min), 7,539,343 states left on queue.
Progress(27) at 2025-08-21 17:21:44: 240,422,161 states generated (2,458,253 s/min), 26,980,008 distinct states found (272,670 ds/min), 7,594,490 states left on queue.
Progress(27) at 2025-08-21 17:22:44: 243,019,695 states generated (2,597,534 s/min), 27,237,474 distinct states found (257,466 ds/min), 7,638,906 states left on queue.
Progress(27) at 2025-08-21 17:23:44: 245,990,055 states generated (2,970,360 s/min), 27,621,902 distinct states found (384,428 ds/min), 7,786,117 states left on queue.
Progress(27) at 2025-08-21 17:24:44: 248,893,605 states generated (2,903,550 s/min), 27,927,696 distinct states found (305,794 ds/min), 7,875,863 states left on queue.
Progress(27) at 2025-08-21 17:25:44: 252,187,690 states generated (3,294,085 s/min), 28,209,956 distinct states found (282,260 ds/min), 7,940,467 states left on queue.
Progress(27) at 2025-08-21 17:26:44: 255,418,220 states generated (3,230,530 s/min), 28,504,106 distinct states found (294,150 ds/min), 8,025,349 states left on queue.
Progress(27) at 2025-08-21 17:27:44: 258,584,837 states generated (3,166,617 s/min), 28,773,152 distinct states found (269,046 ds/min), 8,074,567 states left on queue.
Progress(27) at 2025-08-21 17:28:44: 261,901,171 states generated (3,316,334 s/min), 29,118,707 distinct states found (345,555 ds/min), 8,168,484 states left on queue.
Progress(27) at 2025-08-21 17:29:44: 265,285,210 states generated (3,384,039 s/min), 29,403,059 distinct states found (284,352 ds/min), 8,200,089 states left on queue.
Progress(27) at 2025-08-21 17:30:44: 268,175,066 states generated (2,889,856 s/min), 29,658,417 distinct states found (255,358 ds/min), 8,270,569 states left on queue.
Progress(27) at 2025-08-21 17:31:44: 270,779,074 states generated (2,604,008 s/min), 29,943,619 distinct states found (285,202 ds/min), 8,383,881 states left on queue.
Progress(27) at 2025-08-21 17:32:44: 273,580,163 states generated (2,801,089 s/min), 30,154,357 distinct states found (210,738 ds/min), 8,388,325 states left on queue.
Progress(27) at 2025-08-21 17:33:44: 276,084,822 states generated (2,504,659 s/min), 30,459,053 distinct states found (304,696 ds/min), 8,474,074 states left on queue.
Progress(27) at 2025-08-21 17:34:44: 278,493,178 states generated (2,408,356 s/min), 30,740,428 distinct states found (281,375 ds/min), 8,540,524 states left on queue.
Progress(27) at 2025-08-21 17:35:44: 280,803,180 states generated (2,310,002 s/min), 30,990,279 distinct states found (249,851 ds/min), 8,578,698 states left on queue.
Progress(27) at 2025-08-21 17:36:44: 283,164,132 states generated (2,360,952 s/min), 31,304,820 distinct states found (314,541 ds/min), 8,685,041 states left on queue.
Progress(27) at 2025-08-21 17:37:44: 285,675,648 states generated (2,511,516 s/min), 31,592,789 distinct states found (287,969 ds/min), 8,766,831 states left on queue.
Progress(27) at 2025-08-21 17:38:44: 288,155,810 states generated (2,480,162 s/min), 31,854,974 distinct states found (262,185 ds/min), 8,818,611 states left on queue.
Progress(27) at 2025-08-21 17:39:44: 290,678,862 states generated (2,523,052 s/min), 32,160,998 distinct states found (306,024 ds/min), 8,887,856 states left on queue.
Progress(27) at 2025-08-21 17:40:44: 292,955,262 states generated (2,276,400 s/min), 32,379,166 distinct states found (218,168 ds/min), 8,914,653 states left on queue.
Progress(28) at 2025-08-21 17:41:44: 295,302,190 states generated (2,346,928 s/min), 32,608,375 distinct states found (229,209 ds/min), 8,976,565 states left on queue.
Progress(28) at 2025-08-21 17:42:44: 297,731,969 states generated (2,429,779 s/min), 32,792,557 distinct states found (184,182 ds/min), 9,008,091 states left on queue.
Checking temporal properties for the current state space with 23941484 total distinct states at (2025-08-21 17:43:44)
