TLC2 Version 2.20 of Day Month 20?? (rev: 29f604f)
Running breadth-first search Model-Checking with fp 31 and seed 671843009308631555 with 192 workers on 192 cores with 27305MB heap and 64MB offheap memory [pid: 202843] (Linux 6.8.0-71-generic amd64, Ubuntu 21.0.8 x86_64, MSBDiskFPSet, DiskStateQueue).
Parsing file /home/grundmann/lightning-tla/SpecificationIV.toolbox/MultiAD3/MC.tla
Parsing file /home/grundmann/lightning-tla/SpecificationIV.tla
Parsing file /tmp/tlc-903935030327028257/TLC.tla (jar:file:/home/grundmann/lightning-tla/tla2tools.jar!/tla2sany/StandardModules/TLC.tla)
Parsing file /tmp/tlc-903935030327028257/_TLCTrace.tla (jar:file:/home/grundmann/lightning-tla/tla2tools.jar!/tla2sany/StandardModules/_TLCTrace.tla)
Parsing file /home/grundmann/lightning-tla/SpecificationIII.tla
Parsing file /home/grundmann/lightning-tla/BaseSpec.tla
Parsing file /tmp/tlc-903935030327028257/Integers.tla (jar:file:/home/grundmann/lightning-tla/tla2tools.jar!/tla2sany/StandardModules/Integers.tla)
Parsing file /tmp/tlc-903935030327028257/Sequences.tla (jar:file:/home/grundmann/lightning-tla/tla2tools.jar!/tla2sany/StandardModules/Sequences.tla)
Parsing file /tmp/tlc-903935030327028257/Naturals.tla (jar:file:/home/grundmann/lightning-tla/tla2tools.jar!/tla2sany/StandardModules/Naturals.tla)
Parsing file /home/grundmann/lightning-tla/LedgerTime.tla
Parsing file /home/grundmann/lightning-tla/SumAmounts.tla
Parsing file /tmp/tlc-903935030327028257/FiniteSets.tla (jar:file:/home/grundmann/lightning-tla/tla2tools.jar!/tla2sany/StandardModules/FiniteSets.tla)
Parsing file /home/grundmann/lightning-tla/PCAbstract.tla
Parsing file /home/grundmann/lightning-tla/HTLCUser.tla
Parsing file /home/grundmann/lightning-tla/HTLCUserHelper.tla
Parsing file /home/grundmann/lightning-tla/IdealPayments.tla
Parsing file /home/grundmann/lightning-tla/IdealUser.tla
Parsing file /tmp/tlc-903935030327028257/TLCExt.tla (jar:file:/home/grundmann/lightning-tla/tla2tools.jar!/tla2sany/StandardModules/TLCExt.tla)
Semantic processing of module Naturals
Semantic processing of module Integers
Semantic processing of module Sequences
Semantic processing of module FiniteSets
Semantic processing of module TLC
Semantic processing of module IdealPayments
Semantic processing of module SumAmounts
Semantic processing of module IdealUser
Semantic processing of module BaseSpec
Semantic processing of module PCAbstract
Semantic processing of module HTLCUserHelper
Semantic processing of module HTLCUser
Semantic processing of module LedgerTime
Semantic processing of module SpecificationIII
Semantic processing of module SpecificationIV
Semantic processing of module TLCExt
Semantic processing of module _TLCTrace
Semantic processing of module MC
Linting of module IdealPayments
Linting of module SumAmounts
Linting of module IdealUser
Linting of module BaseSpec
Linting of module PCAbstract
Linting of module HTLCUserHelper
Linting of module HTLCUser
Linting of module LedgerTime
Linting of module SpecificationIII
Linting of module SpecificationIV
Linting of module TLCExt
Linting of module _TLCTrace
Linting of module MC
Starting... (2025-08-22 15:35:41)
Implied-temporal checking--satisfiability problem has 1 branches.
Computing initial states...
Computed 2 initial states...
Computed 4 initial states...
Computed 8 initial states...
Computed 16 initial states...
Finished computing initial states: 32 distinct states generated at 2025-08-22 15:35:42.
Checking temporal properties for the current state space with 6141 total distinct states at (2025-08-22 15:35:45)
Finished checking temporal properties in 00s at 2025-08-22 15:35:45
Progress(7) at 2025-08-22 15:35:45: 52,713 states generated (52,713 s/min), 11,676 distinct states found (11,676 ds/min), 5,530 states left on queue.
Checking temporal properties for the current state space with 330575 total distinct states at (2025-08-22 15:36:45)
Finished checking temporal properties in 15s at 2025-08-22 15:37:01
Progress(19) at 2025-08-22 15:37:01: 2,792,613 states generated (2,739,900 s/min), 470,575 distinct states found (458,899 ds/min), 139,987 states left on queue.
Checking temporal properties for the current state space with 609699 total distinct states at (2025-08-22 15:38:01)
Finished checking temporal properties in 28s at 2025-08-22 15:38:29
Progress(20) at 2025-08-22 15:38:29: 5,443,426 states generated (2,650,813 s/min), 898,637 distinct states found (428,062 ds/min), 288,926 states left on queue.
Progress(21) at 2025-08-22 15:39:29: 8,051,330 states generated (2,607,904 s/min), 1,324,217 distinct states found (425,580 ds/min), 452,797 states left on queue.
Checking temporal properties for the current state space with 1121939 total distinct states at (2025-08-22 15:40:29)
Finished checking temporal properties in 59s at 2025-08-22 15:41:29
Progress(22) at 2025-08-22 15:41:29: 10,571,445 states generated (2,520,115 s/min), 1,751,133 distinct states found (426,916 ds/min), 629,180 states left on queue.
Progress(22) at 2025-08-22 15:42:29: 13,223,828 states generated (2,652,383 s/min), 2,186,965 distinct states found (435,832 ds/min), 813,982 states left on queue.
Progress(23) at 2025-08-22 15:43:29: 15,871,902 states generated (2,648,074 s/min), 2,617,671 distinct states found (430,706 ds/min), 1,005,402 states left on queue.
Progress(23) at 2025-08-22 15:44:29: 18,177,152 states generated (2,305,250 s/min), 3,040,054 distinct states found (422,383 ds/min), 1,197,985 states left on queue.
Checking temporal properties for the current state space with 2075586 total distinct states at (2025-08-22 15:45:29)
Finished checking temporal properties in 01min 55s at 2025-08-22 15:47:24
Progress(23) at 2025-08-22 15:47:24: 21,022,057 states generated (2,844,905 s/min), 3,465,465 distinct states found (425,411 ds/min), 1,389,867 states left on queue.
Progress(23) at 2025-08-22 15:48:24: 23,320,895 states generated (2,298,838 s/min), 3,883,703 distinct states found (418,238 ds/min), 1,573,575 states left on queue.
Progress(24) at 2025-08-22 15:49:24: 26,253,829 states generated (2,932,934 s/min), 4,310,992 distinct states found (427,289 ds/min), 1,771,261 states left on queue.
Progress(24) at 2025-08-22 15:50:24: 28,585,343 states generated (2,331,514 s/min), 4,714,050 distinct states found (403,058 ds/min), 1,956,047 states left on queue.
Progress(24) at 2025-08-22 15:51:24: 30,983,704 states generated (2,398,361 s/min), 5,127,605 distinct states found (413,555 ds/min), 2,160,006 states left on queue.
Progress(24) at 2025-08-22 15:52:24: 34,264,458 states generated (3,280,754 s/min), 5,546,118 distinct states found (418,513 ds/min), 2,354,108 states left on queue.
Progress(24) at 2025-08-22 15:53:24: 36,682,764 states generated (2,418,306 s/min), 5,955,378 distinct states found (409,260 ds/min), 2,542,187 states left on queue.
Progress(24) at 2025-08-22 15:54:24: 39,071,693 states generated (2,388,929 s/min), 6,361,144 distinct states found (405,766 ds/min), 2,726,766 states left on queue.
Checking temporal properties for the current state space with 3845011 total distinct states at (2025-08-22 15:55:24)
Finished checking temporal properties in 03min 50s at 2025-08-22 15:59:15
Progress(24) at 2025-08-22 15:59:15: 41,251,269 states generated (2,179,576 s/min), 6,753,646 distinct states found (392,502 ds/min), 2,908,627 states left on queue.
Progress(24) at 2025-08-22 16:00:15: 44,000,700 states generated (2,749,431 s/min), 7,168,307 distinct states found (414,661 ds/min), 3,097,888 states left on queue.
Progress(25) at 2025-08-22 16:01:15: 47,044,313 states generated (3,043,613 s/min), 7,584,056 distinct states found (415,749 ds/min), 3,293,349 states left on queue.
Progress(25) at 2025-08-22 16:02:15: 49,489,935 states generated (2,445,622 s/min), 7,973,558 distinct states found (389,502 ds/min), 3,482,157 states left on queue.
Progress(25) at 2025-08-22 16:03:15: 51,894,917 states generated (2,404,982 s/min), 8,359,523 distinct states found (385,965 ds/min), 3,655,679 states left on queue.
Progress(25) at 2025-08-22 16:04:15: 54,373,211 states generated (2,478,294 s/min), 8,759,691 distinct states found (400,168 ds/min), 3,851,513 states left on queue.
Progress(25) at 2025-08-22 16:05:15: 56,822,348 states generated (2,449,137 s/min), 9,154,175 distinct states found (394,484 ds/min), 4,042,656 states left on queue.
Checkpointing of run states/25-08-22-15-35-40.837
Checkpointing completed at (2025-08-22 16:06:15)
Progress(25) at 2025-08-22 16:06:15: 59,616,746 states generated (2,794,398 s/min), 9,539,493 distinct states found (385,318 ds/min), 4,210,018 states left on queue.
Progress(25) at 2025-08-22 16:07:15: 63,394,169 states generated (3,777,423 s/min), 9,947,779 distinct states found (408,286 ds/min), 4,415,127 states left on queue.
Progress(25) at 2025-08-22 16:08:15: 65,974,901 states generated (2,580,732 s/min), 10,331,607 distinct states found (383,828 ds/min), 4,589,617 states left on queue.
Progress(25) at 2025-08-22 16:09:15: 68,296,936 states generated (2,322,035 s/min), 10,714,780 distinct states found (383,173 ds/min), 4,769,179 states left on queue.
Progress(25) at 2025-08-22 16:10:15: 70,742,754 states generated (2,445,818 s/min), 11,097,614 distinct states found (382,834 ds/min), 4,937,201 states left on queue.
Progress(25) at 2025-08-22 16:11:15: 73,191,626 states generated (2,448,872 s/min), 11,487,285 distinct states found (389,671 ds/min), 5,126,808 states left on queue.
Progress(25) at 2025-08-22 16:12:15: 75,528,464 states generated (2,336,838 s/min), 11,877,243 distinct states found (389,958 ds/min), 5,314,320 states left on queue.
Progress(25) at 2025-08-22 16:13:15: 77,878,538 states generated (2,350,074 s/min), 12,270,779 distinct states found (393,536 ds/min), 5,497,832 states left on queue.
Checking temporal properties for the current state space with 6970482 total distinct states at (2025-08-22 16:14:15)
Finished checking temporal properties in 07min 05s at 2025-08-22 16:21:21
Progress(25) at 2025-08-22 16:21:21: 80,076,781 states generated (2,198,243 s/min), 12,635,819 distinct states found (365,040 ds/min), 5,665,322 states left on queue.
Progress(25) at 2025-08-22 16:22:21: 83,200,726 states generated (3,123,945 s/min), 13,035,551 distinct states found (399,732 ds/min), 5,857,274 states left on queue.
Progress(25) at 2025-08-22 16:23:21: 86,641,859 states generated (3,441,133 s/min), 13,428,219 distinct states found (392,668 ds/min), 6,039,868 states left on queue.
Progress(26) at 2025-08-22 16:24:21: 89,241,929 states generated (2,600,070 s/min), 13,794,784 distinct states found (366,565 ds/min), 6,200,756 states left on queue.
Progress(26) at 2025-08-22 16:25:21: 91,720,393 states generated (2,478,464 s/min), 14,158,802 distinct states found (364,018 ds/min), 6,372,166 states left on queue.
Progress(26) at 2025-08-22 16:26:21: 94,175,977 states generated (2,455,584 s/min), 14,503,215 distinct states found (344,413 ds/min), 6,513,439 states left on queue.
Progress(26) at 2025-08-22 16:27:21: 96,636,246 states generated (2,460,269 s/min), 14,860,728 distinct states found (357,513 ds/min), 6,662,681 states left on queue.
Progress(26) at 2025-08-22 16:28:21: 99,121,620 states generated (2,485,374 s/min), 15,199,809 distinct states found (339,081 ds/min), 6,795,237 states left on queue.
Progress(26) at 2025-08-22 16:29:21: 101,730,533 states generated (2,608,913 s/min), 15,573,428 distinct states found (373,619 ds/min), 6,964,151 states left on queue.
Progress(26) at 2025-08-22 16:30:21: 104,124,928 states generated (2,394,395 s/min), 15,933,698 distinct states found (360,270 ds/min), 7,129,101 states left on queue.
Progress(26) at 2025-08-22 16:31:21: 106,620,043 states generated (2,495,115 s/min), 16,291,923 distinct states found (358,225 ds/min), 7,285,630 states left on queue.
Progress(26) at 2025-08-22 16:32:21: 109,015,074 states generated (2,395,031 s/min), 16,652,149 distinct states found (360,226 ds/min), 7,452,494 states left on queue.
Progress(26) at 2025-08-22 16:33:21: 111,551,859 states generated (2,536,785 s/min), 16,983,799 distinct states found (331,650 ds/min), 7,568,949 states left on queue.
Progress(26) at 2025-08-22 16:34:21: 114,902,912 states generated (3,351,053 s/min), 17,347,602 distinct states found (363,803 ds/min), 7,732,822 states left on queue.
Progress(26) at 2025-08-22 16:35:21: 118,863,424 states generated (3,960,512 s/min), 17,709,685 distinct states found (362,083 ds/min), 7,887,808 states left on queue.
Checkpointing of run states/25-08-22-15-35-40.837
Checkpointing completed at (2025-08-22 16:36:22)
Progress(26) at 2025-08-22 16:36:22: 122,035,705 states generated (3,172,281 s/min), 18,104,051 distinct states found (394,366 ds/min), 8,092,565 states left on queue.
Progress(26) at 2025-08-22 16:37:22: 124,614,542 states generated (2,578,837 s/min), 18,426,152 distinct states found (322,101 ds/min), 8,213,534 states left on queue.
Progress(26) at 2025-08-22 16:38:22: 127,073,175 states generated (2,458,633 s/min), 18,772,640 distinct states found (346,488 ds/min), 8,347,218 states left on queue.
Progress(26) at 2025-08-22 16:39:22: 129,415,461 states generated (2,342,286 s/min), 19,122,078 distinct states found (349,438 ds/min), 8,497,242 states left on queue.
Progress(26) at 2025-08-22 16:40:22: 131,824,974 states generated (2,409,513 s/min), 19,467,871 distinct states found (345,793 ds/min), 8,635,435 states left on queue.
Progress(26) at 2025-08-22 16:41:22: 134,249,736 states generated (2,424,762 s/min), 19,819,295 distinct states found (351,424 ds/min), 8,785,896 states left on queue.
Progress(26) at 2025-08-22 16:42:22: 136,922,201 states generated (2,672,465 s/min), 20,175,732 distinct states found (356,437 ds/min), 8,932,863 states left on queue.
Progress(26) at 2025-08-22 16:43:22: 139,355,806 states generated (2,433,605 s/min), 20,532,078 distinct states found (356,346 ds/min), 9,097,025 states left on queue.
Progress(26) at 2025-08-22 16:44:22: 141,869,815 states generated (2,514,009 s/min), 20,892,936 distinct states found (360,858 ds/min), 9,254,534 states left on queue.
Progress(26) at 2025-08-22 16:45:22: 144,226,542 states generated (2,356,727 s/min), 21,247,654 distinct states found (354,718 ds/min), 9,408,822 states left on queue.
Progress(26) at 2025-08-22 16:46:22: 146,592,737 states generated (2,366,195 s/min), 21,599,959 distinct states found (352,305 ds/min), 9,560,721 states left on queue.
Progress(26) at 2025-08-22 16:47:22: 148,954,569 states generated (2,361,832 s/min), 21,947,608 distinct states found (347,649 ds/min), 9,708,340 states left on queue.
Progress(26) at 2025-08-22 16:48:22: 151,280,146 states generated (2,325,577 s/min), 22,298,915 distinct states found (351,307 ds/min), 9,858,695 states left on queue.
Progress(26) at 2025-08-22 16:49:22: 153,643,445 states generated (2,363,299 s/min), 22,652,336 distinct states found (353,421 ds/min), 10,011,961 states left on queue.
Checking temporal properties for the current state space with 12845119 total distinct states at (2025-08-22 16:50:22)
Finished checking temporal properties in 13min 30s at 2025-08-22 17:03:52
Progress(26) at 2025-08-22 17:03:52: 156,130,796 states generated (2,487,351 s/min), 22,991,836 distinct states found (339,500 ds/min), 10,146,711 states left on queue.
Progress(26) at 2025-08-22 17:04:52: 159,598,592 states generated (3,467,796 s/min), 23,362,634 distinct states found (370,798 ds/min), 10,327,649 states left on queue.
Progress(26) at 2025-08-22 17:05:52: 163,140,687 states generated (3,542,095 s/min), 23,701,573 distinct states found (338,939 ds/min), 10,450,937 states left on queue.
Checkpointing of run states/25-08-22-15-35-40.837
Checkpointing completed at (2025-08-22 17:06:53)
Progress(26) at 2025-08-22 17:06:53: 166,418,167 states generated (3,277,480 s/min), 24,083,259 distinct states found (381,686 ds/min), 10,634,331 states left on queue.
Progress(27) at 2025-08-22 17:07:53: 169,065,360 states generated (2,647,193 s/min), 24,429,137 distinct states found (345,878 ds/min), 10,772,419 states left on queue.
Progress(27) at 2025-08-22 17:08:53: 171,558,666 states generated (2,493,306 s/min), 24,743,029 distinct states found (313,892 ds/min), 10,886,529 states left on queue.
Progress(27) at 2025-08-22 17:09:53: 174,114,316 states generated (2,555,650 s/min), 25,052,808 distinct states found (309,779 ds/min), 10,988,410 states left on queue.
Progress(27) at 2025-08-22 17:10:53: 176,663,444 states generated (2,549,128 s/min), 25,416,607 distinct states found (363,799 ds/min), 11,186,583 states left on queue.
Progress(27) at 2025-08-22 17:11:53: 179,054,928 states generated (2,391,484 s/min), 25,701,027 distinct states found (284,420 ds/min), 11,255,042 states left on queue.
Progress(27) at 2025-08-22 17:12:53: 181,530,102 states generated (2,475,174 s/min), 25,993,787 distinct states found (292,760 ds/min), 11,330,997 states left on queue.
Progress(27) at 2025-08-22 17:13:53: 183,905,710 states generated (2,375,608 s/min), 26,308,593 distinct states found (314,806 ds/min), 11,447,360 states left on queue.
Progress(27) at 2025-08-22 17:14:53: 186,250,608 states generated (2,344,898 s/min), 26,617,038 distinct states found (308,445 ds/min), 11,563,771 states left on queue.
Progress(27) at 2025-08-22 17:15:53: 188,822,325 states generated (2,571,717 s/min), 26,909,244 distinct states found (292,206 ds/min), 11,653,804 states left on queue.
Progress(27) at 2025-08-22 17:16:53: 191,368,523 states generated (2,546,198 s/min), 27,232,470 distinct states found (323,226 ds/min), 11,771,497 states left on queue.
Progress(27) at 2025-08-22 17:17:53: 193,733,958 states generated (2,365,435 s/min), 27,553,293 distinct states found (320,823 ds/min), 11,891,032 states left on queue.
Progress(27) at 2025-08-22 17:18:53: 196,113,161 states generated (2,379,203 s/min), 27,861,547 distinct states found (308,254 ds/min), 11,994,168 states left on queue.
Progress(27) at 2025-08-22 17:19:53: 198,652,734 states generated (2,539,573 s/min), 28,173,249 distinct states found (311,702 ds/min), 12,104,590 states left on queue.
Progress(27) at 2025-08-22 17:20:53: 200,994,580 states generated (2,341,846 s/min), 28,486,999 distinct states found (313,750 ds/min), 12,230,637 states left on queue.
Progress(27) at 2025-08-22 17:21:53: 203,482,673 states generated (2,488,093 s/min), 28,825,078 distinct states found (338,079 ds/min), 12,355,229 states left on queue.
Progress(27) at 2025-08-22 17:22:53: 205,934,325 states generated (2,451,652 s/min), 29,172,622 distinct states found (347,544 ds/min), 12,521,370 states left on queue.
Progress(27) at 2025-08-22 17:23:53: 208,487,027 states generated (2,552,702 s/min), 29,448,651 distinct states found (276,029 ds/min), 12,570,609 states left on queue.
Progress(27) at 2025-08-22 17:24:53: 211,103,038 states generated (2,616,011 s/min), 29,738,815 distinct states found (290,164 ds/min), 12,651,188 states left on queue.
Progress(27) at 2025-08-22 17:25:53: 214,094,089 states generated (2,991,051 s/min), 30,083,748 distinct states found (344,933 ds/min), 12,789,530 states left on queue.
Progress(27) at 2025-08-22 17:26:53: 218,000,571 states generated (3,906,482 s/min), 30,408,824 distinct states found (325,076 ds/min), 12,910,014 states left on queue.
Progress(27) at 2025-08-22 17:27:53: 222,449,190 states generated (4,448,619 s/min), 30,725,086 distinct states found (316,262 ds/min), 13,008,232 states left on queue.
Progress(27) at 2025-08-22 17:28:53: 225,953,814 states generated (3,504,624 s/min), 31,089,389 distinct states found (364,303 ds/min), 13,164,532 states left on queue.
Progress(27) at 2025-08-22 17:29:53: 228,744,867 states generated (2,791,053 s/min), 31,476,106 distinct states found (386,717 ds/min), 13,381,186 states left on queue.
Progress(27) at 2025-08-22 17:30:53: 231,658,456 states generated (2,913,589 s/min), 31,773,789 distinct states found (297,683 ds/min), 13,468,939 states left on queue.
Progress(27) at 2025-08-22 17:31:53: 234,354,183 states generated (2,695,727 s/min), 32,055,318 distinct states found (281,529 ds/min), 13,531,269 states left on queue.
Progress(27) at 2025-08-22 17:32:53: 236,696,870 states generated (2,342,687 s/min), 32,361,598 distinct states found (306,280 ds/min), 13,620,074 states left on queue.
Progress(27) at 2025-08-22 17:33:53: 239,088,305 states generated (2,391,435 s/min), 32,702,563 distinct states found (340,965 ds/min), 13,773,594 states left on queue.
Progress(27) at 2025-08-22 17:34:53: 241,463,329 states generated (2,375,024 s/min), 32,998,881 distinct states found (296,318 ds/min), 13,852,617 states left on queue.
Progress(27) at 2025-08-22 17:35:53: 243,867,948 states generated (2,404,619 s/min), 33,311,719 distinct states found (312,838 ds/min), 13,971,560 states left on queue.
Checkpointing of run states/25-08-22-15-35-40.837
Checkpointing completed at (2025-08-22 17:36:55)
Progress(27) at 2025-08-22 17:36:55: 246,452,079 states generated (2,584,131 s/min), 33,616,269 distinct states found (304,550 ds/min), 14,058,789 states left on queue.
Progress(27) at 2025-08-22 17:37:55: 248,809,731 states generated (2,357,652 s/min), 33,929,438 distinct states found (313,169 ds/min), 14,162,156 states left on queue.
Progress(27) at 2025-08-22 17:38:55: 251,474,922 states generated (2,665,191 s/min), 34,249,149 distinct states found (319,711 ds/min), 14,281,471 states left on queue.
Progress(27) at 2025-08-22 17:39:55: 254,071,176 states generated (2,596,254 s/min), 34,563,868 distinct states found (314,719 ds/min), 14,377,767 states left on queue.
Progress(27) at 2025-08-22 17:40:55: 256,589,559 states generated (2,518,383 s/min), 34,927,007 distinct states found (363,139 ds/min), 14,557,845 states left on queue.
Progress(27) at 2025-08-22 17:41:55: 259,146,952 states generated (2,557,393 s/min), 35,221,303 distinct states found (294,296 ds/min), 14,641,656 states left on queue.
Progress(27) at 2025-08-22 17:42:55: 261,653,838 states generated (2,506,886 s/min), 35,530,679 distinct states found (309,376 ds/min), 14,742,974 states left on queue.
Progress(27) at 2025-08-22 17:43:55: 264,030,661 states generated (2,376,823 s/min), 35,845,485 distinct states found (314,806 ds/min), 14,850,956 states left on queue.
Progress(27) at 2025-08-22 17:44:55: 266,567,390 states generated (2,536,729 s/min), 36,180,928 distinct states found (335,443 ds/min), 14,990,776 states left on queue.
Progress(27) at 2025-08-22 17:45:55: 268,940,839 states generated (2,373,449 s/min), 36,495,338 distinct states found (314,410 ds/min), 15,098,352 states left on queue.
Progress(27) at 2025-08-22 17:46:55: 271,319,372 states generated (2,378,533 s/min), 36,808,004 distinct states found (312,666 ds/min), 15,206,962 states left on queue.
Progress(27) at 2025-08-22 17:47:55: 273,741,306 states generated (2,421,934 s/min), 37,132,861 distinct states found (324,857 ds/min), 15,340,301 states left on queue.
Progress(27) at 2025-08-22 17:48:55: 276,100,011 states generated (2,358,705 s/min), 37,442,485 distinct states found (309,624 ds/min), 15,436,756 states left on queue.
Progress(27) at 2025-08-22 17:49:55: 278,505,774 states generated (2,405,763 s/min), 37,775,384 distinct states found (332,899 ds/min), 15,584,320 states left on queue.
Progress(27) at 2025-08-22 17:50:55: 280,860,172 states generated (2,354,398 s/min), 38,077,527 distinct states found (302,143 ds/min), 15,673,372 states left on queue.
Progress(27) at 2025-08-22 17:51:55: 283,331,561 states generated (2,471,389 s/min), 38,393,073 distinct states found (315,546 ds/min), 15,786,328 states left on queue.
Progress(27) at 2025-08-22 17:52:55: 285,702,837 states generated (2,371,276 s/min), 38,729,300 distinct states found (336,227 ds/min), 15,915,339 states left on queue.
Progress(27) at 2025-08-22 17:53:55: 288,353,550 states generated (2,650,713 s/min), 39,037,623 distinct states found (308,323 ds/min), 16,004,977 states left on queue.
Progress(27) at 2025-08-22 17:54:55: 291,835,691 states generated (3,482,141 s/min), 39,379,601 distinct states found (341,978 ds/min), 16,146,589 states left on queue.
Progress(27) at 2025-08-22 17:55:55: 295,773,968 states generated (3,938,277 s/min), 39,680,419 distinct states found (300,818 ds/min), 16,233,065 states left on queue.
Progress(27) at 2025-08-22 17:56:55: 299,259,746 states generated (3,485,778 s/min), 39,990,003 distinct states found (309,584 ds/min), 16,323,092 states left on queue.
Checking temporal properties for the current state space with 23892179 total distinct states at (2025-08-22 17:57:55)
Finished checking temporal properties in 26min 28s at 2025-08-22 18:24:24
Progress(27) at 2025-08-22 18:24:24: 303,016,895 states generated (3,757,149 s/min), 40,312,712 distinct states found (322,709 ds/min), 16,420,529 states left on queue.
Checkpointing of run states/25-08-22-15-35-40.837
Checkpointing completed at (2025-08-22 18:25:24)
Progress(27) at 2025-08-22 18:25:24: 305,477,986 states generated (2,461,091 s/min), 40,630,936 distinct states found (318,224 ds/min), 16,583,495 states left on queue.
Progress(27) at 2025-08-22 18:26:24: 307,835,491 states generated (2,357,505 s/min), 40,961,477 distinct states found (330,541 ds/min), 16,774,495 states left on queue.
Progress(28) at 2025-08-22 18:27:24: 310,298,367 states generated (2,462,876 s/min), 41,212,498 distinct states found (251,021 ds/min), 16,823,497 states left on queue.
Progress(28) at 2025-08-22 18:28:24: 312,498,503 states generated (2,200,136 s/min), 41,443,147 distinct states found (230,649 ds/min), 16,849,969 states left on queue.
Progress(28) at 2025-08-22 18:29:24: 314,657,305 states generated (2,158,802 s/min), 41,682,383 distinct states found (239,236 ds/min), 16,915,292 states left on queue.
Progress(28) at 2025-08-22 18:30:24: 316,857,195 states generated (2,199,890 s/min), 41,923,128 distinct states found (240,745 ds/min), 16,963,871 states left on queue.
Progress(28) at 2025-08-22 18:31:24: 319,116,134 states generated (2,258,939 s/min), 42,177,475 distinct states found (254,347 ds/min), 17,038,045 states left on queue.
Progress(28) at 2025-08-22 18:32:24: 321,155,976 states generated (2,039,842 s/min), 42,452,732 distinct states found (275,257 ds/min), 17,160,152 states left on queue.
Progress(28) at 2025-08-22 18:33:24: 323,465,921 states generated (2,309,945 s/min), 42,692,198 distinct states found (239,466 ds/min), 17,227,582 states left on queue.
Progress(28) at 2025-08-22 18:34:24: 325,561,263 states generated (2,095,342 s/min), 42,923,382 distinct states found (231,184 ds/min), 17,271,192 states left on queue.
Progress(28) at 2025-08-22 18:35:24: 327,780,496 states generated (2,219,233 s/min), 43,152,028 distinct states found (228,646 ds/min), 17,298,199 states left on queue.
Progress(28) at 2025-08-22 18:36:24: 329,951,315 states generated (2,170,819 s/min), 43,377,933 distinct states found (225,905 ds/min), 17,330,288 states left on queue.
Progress(28) at 2025-08-22 18:37:24: 332,049,133 states generated (2,097,818 s/min), 43,616,469 distinct states found (238,536 ds/min), 17,386,341 states left on queue.
Progress(28) at 2025-08-22 18:38:24: 334,063,099 states generated (2,013,966 s/min), 43,865,405 distinct states found (248,936 ds/min), 17,456,827 states left on queue.
Progress(28) at 2025-08-22 18:39:24: 336,227,356 states generated (2,164,257 s/min), 44,124,731 distinct states found (259,326 ds/min), 17,553,871 states left on queue.
Progress(28) at 2025-08-22 18:40:24: 338,401,542 states generated (2,174,186 s/min), 44,323,096 distinct states found (198,365 ds/min), 17,541,287 states left on queue.
Progress(28) at 2025-08-22 18:41:24: 340,627,836 states generated (2,226,294 s/min), 44,555,641 distinct states found (232,545 ds/min), 17,596,660 states left on queue.
Progress(28) at 2025-08-22 18:42:24: 342,989,219 states generated (2,361,383 s/min), 44,789,984 distinct states found (234,343 ds/min), 17,631,828 states left on queue.
Progress(28) at 2025-08-22 18:43:24: 345,164,042 states generated (2,174,823 s/min), 45,031,807 distinct states found (241,823 ds/min), 17,685,873 states left on queue.
Progress(28) at 2025-08-22 18:44:24: 347,132,444 states generated (1,968,402 s/min), 45,289,850 distinct states found (258,043 ds/min), 17,765,975 states left on queue.
Progress(28) at 2025-08-22 18:45:24: 349,268,300 states generated (2,135,856 s/min), 45,550,907 distinct states found (261,057 ds/min), 17,851,315 states left on queue.
Progress(28) at 2025-08-22 18:46:24: 351,458,651 states generated (2,190,351 s/min), 45,798,222 distinct states found (247,315 ds/min), 17,902,251 states left on queue.
Progress(28) at 2025-08-22 18:47:24: 353,575,723 states generated (2,117,072 s/min), 46,062,441 distinct states found (264,219 ds/min), 18,003,926 states left on queue.
Progress(28) at 2025-08-22 18:48:24: 355,992,733 states generated (2,417,010 s/min), 46,282,027 distinct states found (219,586 ds/min), 18,015,217 states left on queue.
Progress(28) at 2025-08-22 18:49:24: 358,101,505 states generated (2,108,772 s/min), 46,524,848 distinct states found (242,821 ds/min), 18,079,991 states left on queue.
Progress(28) at 2025-08-22 18:50:24: 360,097,412 states generated (1,995,907 s/min), 46,775,743 distinct states found (250,895 ds/min), 18,149,981 states left on queue.
Progress(28) at 2025-08-22 18:51:24: 362,308,150 states generated (2,210,738 s/min), 47,030,994 distinct states found (255,251 ds/min), 18,214,030 states left on queue.
Progress(28) at 2025-08-22 18:52:24: 364,403,997 states generated (2,095,847 s/min), 47,292,201 distinct states found (261,207 ds/min), 18,302,492 states left on queue.
Progress(28) at 2025-08-22 18:53:24: 366,496,640 states generated (2,092,643 s/min), 47,572,479 distinct states found (280,278 ds/min), 18,423,671 states left on queue.
Progress(28) at 2025-08-22 18:54:24: 368,752,992 states generated (2,256,352 s/min), 47,770,429 distinct states found (197,950 ds/min), 18,412,088 states left on queue.
Checkpointing of run states/25-08-22-15-35-40.837
Checkpointing completed at (2025-08-22 18:55:25)
Progress(28) at 2025-08-22 18:55:25: 371,065,956 states generated (2,312,964 s/min), 47,988,671 distinct states found (218,242 ds/min), 18,432,742 states left on queue.
Progress(28) at 2025-08-22 18:56:25: 373,314,776 states generated (2,248,820 s/min), 48,212,823 distinct states found (224,152 ds/min), 18,475,429 states left on queue.
Progress(28) at 2025-08-22 18:57:25: 376,074,521 states generated (2,759,745 s/min), 48,466,353 distinct states found (253,530 ds/min), 18,523,326 states left on queue.
Progress(28) at 2025-08-22 18:58:25: 378,475,013 states generated (2,400,492 s/min), 48,735,797 distinct states found (269,444 ds/min), 18,611,818 states left on queue.
Progress(28) at 2025-08-22 18:59:25: 383,556,510 states generated (5,081,497 s/min), 49,003,764 distinct states found (267,967 ds/min), 18,658,040 states left on queue.
Progress(28) at 2025-08-22 19:00:25: 388,638,010 states generated (5,081,500 s/min), 49,275,181 distinct states found (271,417 ds/min), 18,710,978 states left on queue.
Progress(28) at 2025-08-22 19:01:25: 392,609,191 states generated (3,971,181 s/min), 49,544,498 distinct states found (269,317 ds/min), 18,767,947 states left on queue.
Progress(28) at 2025-08-22 19:02:25: 395,016,874 states generated (2,407,683 s/min), 49,830,460 distinct states found (285,962 ds/min), 18,877,528 states left on queue.
Progress(28) at 2025-08-22 19:03:25: 398,053,220 states generated (3,036,346 s/min), 50,103,644 distinct states found (273,184 ds/min), 18,963,359 states left on queue.
Progress(28) at 2025-08-22 19:04:25: 400,627,909 states generated (2,574,689 s/min), 50,407,764 distinct states found (304,120 ds/min), 19,102,022 states left on queue.
Progress(28) at 2025-08-22 19:05:25: 402,862,728 states generated (2,234,819 s/min), 50,699,235 distinct states found (291,471 ds/min), 19,242,519 states left on queue.
Progress(28) at 2025-08-22 19:06:25: 405,243,246 states generated (2,380,518 s/min), 50,973,375 distinct states found (274,140 ds/min), 19,357,676 states left on queue.
Progress(28) at 2025-08-22 19:07:25: 408,600,996 states generated (3,357,750 s/min), 51,173,131 distinct states found (199,756 ds/min), 19,311,941 states left on queue.
Progress(28) at 2025-08-22 19:08:25: 410,932,585 states generated (2,331,589 s/min), 51,395,390 distinct states found (222,259 ds/min), 19,345,024 states left on queue.
Progress(28) at 2025-08-22 19:09:25: 412,957,119 states generated (2,024,534 s/min), 51,617,264 distinct states found (221,874 ds/min), 19,357,168 states left on queue.
Progress(28) at 2025-08-22 19:10:25: 414,967,082 states generated (2,009,963 s/min), 51,863,350 distinct states found (246,086 ds/min), 19,423,994 states left on queue.
Progress(28) at 2025-08-22 19:11:25: 417,065,093 states generated (2,098,011 s/min), 52,119,027 distinct states found (255,677 ds/min), 19,507,404 states left on queue.
Progress(28) at 2025-08-22 19:12:25: 419,097,587 states generated (2,032,494 s/min), 52,353,677 distinct states found (234,650 ds/min), 19,567,331 states left on queue.
Progress(28) at 2025-08-22 19:13:25: 421,122,732 states generated (2,025,145 s/min), 52,580,002 distinct states found (226,325 ds/min), 19,604,832 states left on queue.
Progress(28) at 2025-08-22 19:14:25: 423,258,938 states generated (2,136,206 s/min), 52,828,734 distinct states found (248,732 ds/min), 19,680,242 states left on queue.
Progress(28) at 2025-08-22 19:15:25: 425,342,821 states generated (2,083,883 s/min), 53,063,350 distinct states found (234,616 ds/min), 19,727,684 states left on queue.
Progress(28) at 2025-08-22 19:16:25: 427,573,475 states generated (2,230,654 s/min), 53,288,896 distinct states found (225,546 ds/min), 19,751,268 states left on queue.
Progress(28) at 2025-08-22 19:17:25: 429,702,970 states generated (2,129,495 s/min), 53,516,982 distinct states found (228,086 ds/min), 19,787,925 states left on queue.
Progress(28) at 2025-08-22 19:18:25: 431,742,758 states generated (2,039,788 s/min), 53,755,245 distinct states found (238,263 ds/min), 19,843,531 states left on queue.
Progress(28) at 2025-08-22 19:19:25: 434,004,353 states generated (2,261,595 s/min), 53,998,197 distinct states found (242,952 ds/min), 19,899,964 states left on queue.
Progress(28) at 2025-08-22 19:20:25: 436,278,166 states generated (2,273,813 s/min), 54,236,284 distinct states found (238,087 ds/min), 19,951,148 states left on queue.
Progress(28) at 2025-08-22 19:21:25: 438,514,508 states generated (2,236,342 s/min), 54,475,541 distinct states found (239,257 ds/min), 19,998,418 states left on queue.
Progress(28) at 2025-08-22 19:22:25: 440,673,552 states generated (2,159,044 s/min), 54,718,589 distinct states found (243,048 ds/min), 20,052,169 states left on queue.
Progress(28) at 2025-08-22 19:23:25: 442,907,709 states generated (2,234,157 s/min), 54,986,083 distinct states found (267,494 ds/min), 20,159,897 states left on queue.
Progress(28) at 2025-08-22 19:24:25: 444,962,248 states generated (2,054,539 s/min), 55,256,998 distinct states found (270,915 ds/min), 20,274,825 states left on queue.
Checkpointing of run states/25-08-22-15-35-40.837
Checkpointing completed at (2025-08-22 19:25:26)
Progress(28) at 2025-08-22 19:25:26: 447,269,068 states generated (2,306,820 s/min), 55,477,239 distinct states found (220,241 ds/min), 20,292,287 states left on queue.
Progress(28) at 2025-08-22 19:26:26: 449,495,474 states generated (2,226,406 s/min), 55,709,575 distinct states found (232,336 ds/min), 20,341,188 states left on queue.
Progress(28) at 2025-08-22 19:27:26: 451,589,980 states generated (2,094,506 s/min), 55,940,803 distinct states found (231,228 ds/min), 20,379,421 states left on queue.
Progress(28) at 2025-08-22 19:28:26: 453,619,213 states generated (2,029,233 s/min), 56,171,813 distinct states found (231,010 ds/min), 20,431,547 states left on queue.
Progress(28) at 2025-08-22 19:29:26: 455,633,873 states generated (2,014,660 s/min), 56,417,069 distinct states found (245,256 ds/min), 20,492,013 states left on queue.
Progress(28) at 2025-08-22 19:30:26: 457,790,619 states generated (2,156,746 s/min), 56,663,609 distinct states found (246,540 ds/min), 20,568,082 states left on queue.
Progress(28) at 2025-08-22 19:31:26: 459,816,034 states generated (2,025,415 s/min), 56,900,637 distinct states found (237,028 ds/min), 20,620,655 states left on queue.
Progress(28) at 2025-08-22 19:32:26: 461,948,538 states generated (2,132,504 s/min), 57,146,888 distinct states found (246,251 ds/min), 20,692,321 states left on queue.
Progress(28) at 2025-08-22 19:33:26: 463,986,527 states generated (2,037,989 s/min), 57,374,265 distinct states found (227,377 ds/min), 20,726,290 states left on queue.
Progress(28) at 2025-08-22 19:34:26: 465,971,646 states generated (1,985,119 s/min), 57,600,082 distinct states found (225,817 ds/min), 20,758,381 states left on queue.
Progress(28) at 2025-08-22 19:35:26: 468,035,669 states generated (2,064,023 s/min), 57,855,659 distinct states found (255,577 ds/min), 20,839,428 states left on queue.
Progress(28) at 2025-08-22 19:36:26: 470,174,967 states generated (2,139,298 s/min), 58,097,592 distinct states found (241,933 ds/min), 20,903,897 states left on queue.
Progress(28) at 2025-08-22 19:37:26: 472,244,364 states generated (2,069,397 s/min), 58,329,143 distinct states found (231,551 ds/min), 20,947,348 states left on queue.
Progress(28) at 2025-08-22 19:38:26: 474,209,111 states generated (1,964,747 s/min), 58,579,220 distinct states found (250,077 ds/min), 21,013,573 states left on queue.
Progress(28) at 2025-08-22 19:39:26: 476,335,646 states generated (2,126,535 s/min), 58,836,748 distinct states found (257,528 ds/min), 21,104,969 states left on queue.
Progress(28) at 2025-08-22 19:40:26: 478,418,732 states generated (2,083,086 s/min), 59,059,277 distinct states found (222,529 ds/min), 21,136,636 states left on queue.
Progress(28) at 2025-08-22 19:41:26: 480,521,816 states generated (2,103,084 s/min), 59,301,885 distinct states found (242,608 ds/min), 21,200,749 states left on queue.
Progress(28) at 2025-08-22 19:42:26: 482,590,790 states generated (2,068,974 s/min), 59,535,903 distinct states found (234,018 ds/min), 21,248,493 states left on queue.
Progress(28) at 2025-08-22 19:43:26: 484,573,286 states generated (1,982,496 s/min), 59,766,726 distinct states found (230,823 ds/min), 21,293,254 states left on queue.
Progress(28) at 2025-08-22 19:44:26: 486,609,163 states generated (2,035,877 s/min), 60,014,605 distinct states found (247,879 ds/min), 21,360,572 states left on queue.
Progress(28) at 2025-08-22 19:45:26: 488,708,401 states generated (2,099,238 s/min), 60,285,323 distinct states found (270,718 ds/min), 21,468,925 states left on queue.
Progress(28) at 2025-08-22 19:46:26: 491,023,681 states generated (2,315,280 s/min), 60,504,988 distinct states found (219,665 ds/min), 21,475,093 states left on queue.
Progress(28) at 2025-08-22 19:47:26: 493,633,092 states generated (2,609,411 s/min), 60,768,015 distinct states found (263,027 ds/min), 21,544,222 states left on queue.
Progress(28) at 2025-08-22 19:48:26: 498,432,631 states generated (4,799,539 s/min), 61,036,390 distinct states found (268,375 ds/min), 21,596,438 states left on queue.
Progress(28) at 2025-08-22 19:49:26: 501,100,027 states generated (2,667,396 s/min), 61,303,342 distinct states found (266,952 ds/min), 21,684,148 states left on queue.
Progress(28) at 2025-08-22 19:50:26: 506,816,348 states generated (5,716,321 s/min), 61,540,791 distinct states found (237,449 ds/min), 21,657,303 states left on queue.
Progress(28) at 2025-08-22 19:51:26: 510,868,214 states generated (4,051,866 s/min), 61,797,294 distinct states found (256,503 ds/min), 21,687,774 states left on queue.
Progress(28) at 2025-08-22 19:52:26: 513,673,955 states generated (2,805,741 s/min), 62,077,373 distinct states found (280,079 ds/min), 21,777,977 states left on queue.
Progress(28) at 2025-08-22 19:53:26: 516,231,240 states generated (2,557,285 s/min), 62,358,404 distinct states found (281,031 ds/min), 21,890,330 states left on queue.
Progress(28) at 2025-08-22 19:54:26: 518,893,735 states generated (2,662,495 s/min), 62,655,295 distinct states found (296,891 ds/min), 22,020,887 states left on queue.
Checkpointing of run states/25-08-22-15-35-40.837
Checkpointing completed at (2025-08-22 19:55:27)
Progress(28) at 2025-08-22 19:55:27: 521,196,906 states generated (2,303,171 s/min), 62,952,864 distinct states found (297,569 ds/min), 22,161,143 states left on queue.
Progress(28) at 2025-08-22 19:56:27: 523,407,594 states generated (2,210,688 s/min), 63,230,858 distinct states found (277,994 ds/min), 22,286,607 states left on queue.
Progress(28) at 2025-08-22 19:57:27: 526,127,676 states generated (2,720,082 s/min), 63,462,026 distinct states found (231,168 ds/min), 22,318,169 states left on queue.
Progress(29) at 2025-08-22 19:58:27: 528,416,698 states generated (2,289,022 s/min), 63,651,651 distinct states found (189,625 ds/min), 22,286,442 states left on queue.
Progress(29) at 2025-08-22 19:59:27: 530,708,248 states generated (2,291,550 s/min), 63,843,096 distinct states found (191,445 ds/min), 22,279,495 states left on queue.
Progress(29) at 2025-08-22 20:00:27: 532,853,326 states generated (2,145,078 s/min), 64,038,979 distinct states found (195,883 ds/min), 22,279,553 states left on queue.
Progress(29) at 2025-08-22 20:01:27: 534,970,576 states generated (2,117,250 s/min), 64,243,674 distinct states found (204,695 ds/min), 22,281,205 states left on queue.
Progress(29) at 2025-08-22 20:02:27: 537,246,175 states generated (2,275,599 s/min), 64,450,482 distinct states found (206,808 ds/min), 22,292,441 states left on queue.
Progress(29) at 2025-08-22 20:03:27: 539,241,090 states generated (1,994,915 s/min), 64,670,131 distinct states found (219,649 ds/min), 22,332,083 states left on queue.
Progress(29) at 2025-08-22 20:04:27: 541,143,340 states generated (1,902,250 s/min), 64,899,464 distinct states found (229,333 ds/min), 22,387,687 states left on queue.
Progress(29) at 2025-08-22 20:05:27: 543,517,200 states generated (2,373,860 s/min), 65,099,886 distinct states found (200,422 ds/min), 22,390,274 states left on queue.
Progress(29) at 2025-08-22 20:06:27: 545,491,689 states generated (1,974,489 s/min), 65,287,590 distinct states found (187,704 ds/min), 22,381,280 states left on queue.
Progress(29) at 2025-08-22 20:07:27: 547,617,694 states generated (2,126,005 s/min), 65,485,851 distinct states found (198,261 ds/min), 22,364,881 states left on queue.
Progress(29) at 2025-08-22 20:08:27: 549,752,917 states generated (2,135,223 s/min), 65,672,204 distinct states found (186,353 ds/min), 22,344,612 states left on queue.
Progress(29) at 2025-08-22 20:09:27: 551,739,185 states generated (1,986,268 s/min), 65,861,064 distinct states found (188,860 ds/min), 22,336,589 states left on queue.
Checking temporal properties for the current state space with 43722084 total distinct states at (2025-08-22 20:10:27)
Finished checking temporal properties in 33min 41s at 2025-08-22 20:44:08
Progress(29) at 2025-08-22 20:44:08: 553,711,022 states generated (1,971,837 s/min), 66,059,090 distinct states found (198,026 ds/min), 22,337,002 states left on queue.
Checkpointing of run states/25-08-22-15-35-40.837
Checkpointing completed at (2025-08-22 20:45:09)
Progress(29) at 2025-08-22 20:45:09: 555,623,275 states generated (1,912,253 s/min), 66,267,977 distinct states found (208,887 ds/min), 22,356,493 states left on queue.
Progress(29) at 2025-08-22 20:46:09: 557,558,918 states generated (1,935,643 s/min), 66,486,792 distinct states found (218,815 ds/min), 22,393,928 states left on queue.
Progress(29) at 2025-08-22 20:47:09: 559,710,428 states generated (2,151,510 s/min), 66,654,209 distinct states found (167,417 ds/min), 22,355,145 states left on queue.
Progress(29) at 2025-08-22 20:48:09: 561,826,314 states generated (2,115,886 s/min), 66,845,997 distinct states found (191,788 ds/min), 22,352,233 states left on queue.
Progress(29) at 2025-08-22 20:49:09: 564,527,588 states generated (2,701,274 s/min), 67,039,785 distinct states found (193,788 ds/min), 22,321,729 states left on queue.
Progress(29) at 2025-08-22 20:50:09: 566,547,045 states generated (2,019,457 s/min), 67,240,599 distinct states found (200,814 ds/min), 22,330,152 states left on queue.
Progress(29) at 2025-08-22 20:51:09: 568,699,210 states generated (2,152,165 s/min), 67,442,394 distinct states found (201,795 ds/min), 22,326,304 states left on queue.
Progress(29) at 2025-08-22 20:52:09: 570,654,340 states generated (1,955,130 s/min), 67,655,902 distinct states found (213,508 ds/min), 22,342,651 states left on queue.
Progress(29) at 2025-08-22 20:53:09: 572,771,009 states generated (2,116,669 s/min), 67,863,556 distinct states found (207,654 ds/min), 22,356,742 states left on queue.
Progress(29) at 2025-08-22 20:54:09: 575,076,043 states generated (2,305,034 s/min), 68,077,232 distinct states found (213,676 ds/min), 22,365,554 states left on queue.
Progress(29) at 2025-08-22 20:55:09: 577,106,030 states generated (2,029,987 s/min), 68,303,884 distinct states found (226,652 ds/min), 22,404,760 states left on queue.
Progress(29) at 2025-08-22 20:56:09: 579,135,337 states generated (2,029,307 s/min), 68,528,028 distinct states found (224,144 ds/min), 22,444,329 states left on queue.
Progress(29) at 2025-08-22 20:57:09: 581,810,477 states generated (2,675,140 s/min), 68,718,707 distinct states found (190,679 ds/min), 22,412,651 states left on queue.
Progress(29) at 2025-08-22 20:58:09: 583,843,893 states generated (2,033,416 s/min), 68,923,242 distinct states found (204,535 ds/min), 22,419,295 states left on queue.
Progress(29) at 2025-08-22 20:59:09: 585,938,128 states generated (2,094,235 s/min), 69,123,537 distinct states found (200,295 ds/min), 22,417,917 states left on queue.
Progress(29) at 2025-08-22 21:00:09: 588,046,118 states generated (2,107,990 s/min), 69,332,062 distinct states found (208,525 ds/min), 22,426,574 states left on queue.
Progress(29) at 2025-08-22 21:01:09: 590,137,325 states generated (2,091,207 s/min), 69,542,981 distinct states found (210,919 ds/min), 22,439,775 states left on queue.
Progress(29) at 2025-08-22 21:02:09: 592,145,608 states generated (2,008,283 s/min), 69,762,942 distinct states found (219,961 ds/min), 22,472,420 states left on queue.
Progress(29) at 2025-08-22 21:03:09: 594,056,379 states generated (1,910,771 s/min), 69,990,914 distinct states found (227,972 ds/min), 22,525,873 states left on queue.
Progress(29) at 2025-08-22 21:04:09: 596,296,433 states generated (2,240,054 s/min), 70,200,020 distinct states found (209,106 ds/min), 22,538,341 states left on queue.
Progress(29) at 2025-08-22 21:05:09: 598,545,255 states generated (2,248,822 s/min), 70,381,476 distinct states found (181,456 ds/min), 22,511,629 states left on queue.
Progress(29) at 2025-08-22 21:06:09: 600,628,609 states generated (2,083,354 s/min), 70,556,115 distinct states found (174,639 ds/min), 22,482,585 states left on queue.
Progress(29) at 2025-08-22 21:07:09: 603,034,105 states generated (2,405,496 s/min), 70,757,107 distinct states found (200,992 ds/min), 22,468,867 states left on queue.
Progress(29) at 2025-08-22 21:08:09: 605,882,408 states generated (2,848,303 s/min), 70,972,842 distinct states found (215,735 ds/min), 22,469,447 states left on queue.
Progress(29) at 2025-08-22 21:09:09: 608,434,536 states generated (2,552,128 s/min), 71,192,677 distinct states found (219,835 ds/min), 22,488,323 states left on queue.
Progress(29) at 2025-08-22 21:10:09: 614,845,695 states generated (6,411,159 s/min), 71,408,076 distinct states found (215,399 ds/min), 22,471,820 states left on queue.
Progress(29) at 2025-08-22 21:11:09: 619,823,786 states generated (4,978,091 s/min), 71,630,870 distinct states found (222,794 ds/min), 22,486,098 states left on queue.
Progress(29) at 2025-08-22 21:12:09: 624,778,001 states generated (4,954,215 s/min), 71,853,208 distinct states found (222,338 ds/min), 22,487,253 states left on queue.
Progress(29) at 2025-08-22 21:13:09: 628,981,674 states generated (4,203,673 s/min), 72,083,321 distinct states found (230,113 ds/min), 22,495,845 states left on queue.
Progress(29) at 2025-08-22 21:14:09: 631,486,305 states generated (2,504,631 s/min), 72,314,028 distinct states found (230,707 ds/min), 22,528,742 states left on queue.
Checkpointing of run states/25-08-22-15-35-40.837
Checkpointing completed at (2025-08-22 21:15:10)
Progress(29) at 2025-08-22 21:15:10: 634,968,634 states generated (3,482,329 s/min), 72,557,435 distinct states found (243,407 ds/min), 22,553,551 states left on queue.
Progress(29) at 2025-08-22 21:16:10: 637,893,784 states generated (2,925,150 s/min), 72,784,832 distinct states found (227,397 ds/min), 22,592,991 states left on queue.
Progress(29) at 2025-08-22 21:17:10: 641,077,007 states generated (3,183,223 s/min), 73,042,566 distinct states found (257,734 ds/min), 22,659,579 states left on queue.
Progress(29) at 2025-08-22 21:18:10: 643,452,356 states generated (2,375,349 s/min), 73,295,461 distinct states found (252,895 ds/min), 22,729,908 states left on queue.
Progress(29) at 2025-08-22 21:19:10: 645,855,081 states generated (2,402,725 s/min), 73,520,549 distinct states found (225,088 ds/min), 22,774,803 states left on queue.
Progress(29) at 2025-08-22 21:20:10: 648,306,209 states generated (2,451,128 s/min), 73,762,695 distinct states found (242,146 ds/min), 22,834,663 states left on queue.
Progress(29) at 2025-08-22 21:21:10: 652,321,191 states generated (4,014,982 s/min), 73,965,211 distinct states found (202,516 ds/min), 22,784,866 states left on queue.
Progress(29) at 2025-08-22 21:22:10: 654,500,890 states generated (2,179,699 s/min), 74,150,892 distinct states found (185,681 ds/min), 22,769,038 states left on queue.
Progress(29) at 2025-08-22 21:23:10: 656,532,944 states generated (2,032,054 s/min), 74,330,069 distinct states found (179,177 ds/min), 22,728,036 states left on queue.
Progress(29) at 2025-08-22 21:24:10: 658,471,598 states generated (1,938,654 s/min), 74,528,523 distinct states found (198,454 ds/min), 22,732,107 states left on queue.
Progress(29) at 2025-08-22 21:25:10: 660,456,589 states generated (1,984,991 s/min), 74,731,332 distinct states found (202,809 ds/min), 22,743,716 states left on queue.
Progress(29) at 2025-08-22 21:26:10: 662,360,780 states generated (1,904,191 s/min), 74,954,026 distinct states found (222,694 ds/min), 22,778,278 states left on queue.
Progress(29) at 2025-08-22 21:27:10: 664,353,221 states generated (1,992,441 s/min), 75,149,000 distinct states found (194,974 ds/min), 22,781,375 states left on queue.
Progress(29) at 2025-08-22 21:28:10: 666,288,336 states generated (1,935,115 s/min), 75,336,938 distinct states found (187,938 ds/min), 22,769,368 states left on queue.
Progress(29) at 2025-08-22 21:29:10: 668,246,674 states generated (1,958,338 s/min), 75,542,605 distinct states found (205,667 ds/min), 22,786,643 states left on queue.
Progress(29) at 2025-08-22 21:30:10: 670,256,164 states generated (2,009,490 s/min), 75,732,084 distinct states found (189,479 ds/min), 22,780,125 states left on queue.
Progress(29) at 2025-08-22 21:31:10: 672,314,394 states generated (2,058,230 s/min), 75,930,328 distinct states found (198,244 ds/min), 22,777,041 states left on queue.
Progress(29) at 2025-08-22 21:32:10: 674,360,918 states generated (2,046,524 s/min), 76,116,588 distinct states found (186,260 ds/min), 22,756,902 states left on queue.
Progress(29) at 2025-08-22 21:33:10: 676,373,427 states generated (2,012,509 s/min), 76,298,165 distinct states found (181,577 ds/min), 22,733,316 states left on queue.
Progress(29) at 2025-08-22 21:34:10: 678,295,119 states generated (1,921,692 s/min), 76,498,341 distinct states found (200,176 ds/min), 22,741,134 states left on queue.
Progress(29) at 2025-08-22 21:35:10: 680,384,990 states generated (2,089,871 s/min), 76,704,922 distinct states found (206,581 ds/min), 22,751,285 states left on queue.
Progress(29) at 2025-08-22 21:36:10: 682,455,707 states generated (2,070,717 s/min), 76,896,566 distinct states found (191,644 ds/min), 22,747,688 states left on queue.
Progress(29) at 2025-08-22 21:37:10: 684,742,444 states generated (2,286,737 s/min), 77,100,845 distinct states found (204,279 ds/min), 22,745,913 states left on queue.
Progress(29) at 2025-08-22 21:38:10: 687,055,660 states generated (2,313,216 s/min), 77,294,830 distinct states found (193,985 ds/min), 22,735,097 states left on queue.
Progress(29) at 2025-08-22 21:39:10: 689,358,163 states generated (2,302,503 s/min), 77,496,017 distinct states found (201,187 ds/min), 22,731,470 states left on queue.
Progress(29) at 2025-08-22 21:40:10: 691,330,391 states generated (1,972,228 s/min), 77,708,398 distinct states found (212,381 ds/min), 22,765,950 states left on queue.
Progress(29) at 2025-08-22 21:41:10: 693,350,465 states generated (2,020,074 s/min), 77,936,857 distinct states found (228,459 ds/min), 22,810,040 states left on queue.
Progress(29) at 2025-08-22 21:42:10: 695,310,374 states generated (1,959,909 s/min), 78,157,846 distinct states found (220,989 ds/min), 22,855,726 states left on queue.
Progress(29) at 2025-08-22 21:43:10: 697,749,040 states generated (2,438,666 s/min), 78,337,174 distinct states found (179,328 ds/min), 22,817,825 states left on queue.
Progress(29) at 2025-08-22 21:44:10: 699,837,775 states generated (2,088,735 s/min), 78,528,339 distinct states found (191,165 ds/min), 22,814,932 states left on queue.
Checkpointing of run states/25-08-22-15-35-40.837
Checkpointing completed at (2025-08-22 21:45:11)
Progress(29) at 2025-08-22 21:45:11: 701,866,182 states generated (2,028,407 s/min), 78,715,805 distinct states found (187,466 ds/min), 22,798,057 states left on queue.
Progress(29) at 2025-08-22 21:46:11: 703,832,809 states generated (1,966,627 s/min), 78,908,729 distinct states found (192,924 ds/min), 22,796,851 states left on queue.
Progress(29) at 2025-08-22 21:47:11: 705,792,711 states generated (1,959,902 s/min), 79,103,177 distinct states found (194,448 ds/min), 22,787,737 states left on queue.
Progress(29) at 2025-08-22 21:48:11: 707,702,937 states generated (1,910,226 s/min), 79,322,741 distinct states found (219,564 ds/min), 22,824,543 states left on queue.
Progress(29) at 2025-08-22 21:49:11: 709,740,538 states generated (2,037,601 s/min), 79,516,687 distinct states found (193,946 ds/min), 22,827,359 states left on queue.
Progress(29) at 2025-08-22 21:50:11: 711,657,815 states generated (1,917,277 s/min), 79,707,948 distinct states found (191,261 ds/min), 22,821,844 states left on queue.
Progress(29) at 2025-08-22 21:51:11: 713,606,573 states generated (1,948,758 s/min), 79,918,358 distinct states found (210,410 ds/min), 22,844,732 states left on queue.
Progress(29) at 2025-08-22 21:52:11: 715,655,255 states generated (2,048,682 s/min), 80,098,594 distinct states found (180,236 ds/min), 22,819,262 states left on queue.
Progress(29) at 2025-08-22 21:53:11: 717,597,946 states generated (1,942,691 s/min), 80,292,652 distinct states found (194,058 ds/min), 22,816,566 states left on queue.
Progress(29) at 2025-08-22 21:54:11: 719,540,843 states generated (1,942,897 s/min), 80,486,571 distinct states found (193,919 ds/min), 22,806,783 states left on queue.
Progress(29) at 2025-08-22 21:55:11: 721,453,729 states generated (1,912,886 s/min), 80,701,313 distinct states found (214,742 ds/min), 22,833,496 states left on queue.
Progress(29) at 2025-08-22 21:56:11: 723,497,167 states generated (2,043,438 s/min), 80,905,304 distinct states found (203,991 ds/min), 22,851,686 states left on queue.
Progress(29) at 2025-08-22 21:57:11: 725,511,787 states generated (2,014,620 s/min), 81,090,843 distinct states found (185,539 ds/min), 22,833,840 states left on queue.
Progress(29) at 2025-08-22 21:58:11: 727,413,820 states generated (1,902,033 s/min), 81,282,770 distinct states found (191,927 ds/min), 22,825,428 states left on queue.
Progress(29) at 2025-08-22 21:59:11: 729,313,349 states generated (1,899,529 s/min), 81,499,175 distinct states found (216,405 ds/min), 22,856,652 states left on queue.
Progress(29) at 2025-08-22 22:00:11: 731,265,941 states generated (1,952,592 s/min), 81,701,880 distinct states found (202,705 ds/min), 22,878,776 states left on queue.
Progress(29) at 2025-08-22 22:01:11: 733,283,027 states generated (2,017,086 s/min), 81,890,903 distinct states found (189,023 ds/min), 22,867,020 states left on queue.
Progress(29) at 2025-08-22 22:02:11: 735,184,734 states generated (1,901,707 s/min), 82,085,746 distinct states found (194,843 ds/min), 22,867,193 states left on queue.
Progress(29) at 2025-08-22 22:03:11: 737,181,161 states generated (1,996,427 s/min), 82,292,241 distinct states found (206,495 ds/min), 22,889,242 states left on queue.
Progress(29) at 2025-08-22 22:04:11: 739,166,405 states generated (1,985,244 s/min), 82,478,455 distinct states found (186,214 ds/min), 22,872,899 states left on queue.
Progress(29) at 2025-08-22 22:05:11: 741,109,045 states generated (1,942,640 s/min), 82,672,461 distinct states found (194,006 ds/min), 22,864,368 states left on queue.
Progress(29) at 2025-08-22 22:06:11: 743,087,044 states generated (1,977,999 s/min), 82,874,287 distinct states found (201,826 ds/min), 22,868,202 states left on queue.
Progress(29) at 2025-08-22 22:07:11: 745,014,113 states generated (1,927,069 s/min), 83,093,938 distinct states found (219,651 ds/min), 22,903,952 states left on queue.
Progress(29) at 2025-08-22 22:08:11: 747,026,981 states generated (2,012,868 s/min), 83,286,631 distinct states found (192,693 ds/min), 22,897,634 states left on queue.
Progress(29) at 2025-08-22 22:09:11: 749,780,857 states generated (2,753,876 s/min), 83,499,160 distinct states found (212,529 ds/min), 22,887,228 states left on queue.
Progress(29) at 2025-08-22 22:10:11: 752,507,867 states generated (2,727,010 s/min), 83,724,278 distinct states found (225,118 ds/min), 22,903,662 states left on queue.
Progress(29) at 2025-08-22 22:11:11: 758,644,921 states generated (6,137,054 s/min), 83,941,153 distinct states found (216,875 ds/min), 22,894,766 states left on queue.
Progress(29) at 2025-08-22 22:12:11: 761,829,623 states generated (3,184,702 s/min), 84,165,463 distinct states found (224,310 ds/min), 22,917,027 states left on queue.
Progress(29) at 2025-08-22 22:13:11: 769,122,039 states generated (7,292,416 s/min), 84,369,066 distinct states found (203,603 ds/min), 22,859,848 states left on queue.
Progress(29) at 2025-08-22 22:14:11: 772,184,126 states generated (3,062,087 s/min), 84,597,616 distinct states found (228,550 ds/min), 22,889,537 states left on queue.
Checkpointing of run states/25-08-22-15-35-40.837
Checkpointing completed at (2025-08-22 22:15:12)
Progress(29) at 2025-08-22 22:15:12: 777,179,430 states generated (4,995,304 s/min), 84,844,495 distinct states found (246,879 ds/min), 22,881,078 states left on queue.
Progress(29) at 2025-08-22 22:16:12: 779,937,306 states generated (2,757,876 s/min), 85,065,081 distinct states found (220,586 ds/min), 22,901,200 states left on queue.
Progress(29) at 2025-08-22 22:17:12: 782,632,268 states generated (2,694,962 s/min), 85,293,480 distinct states found (228,399 ds/min), 22,941,051 states left on queue.
Progress(29) at 2025-08-22 22:18:12: 785,564,562 states generated (2,932,294 s/min), 85,541,513 distinct states found (248,033 ds/min), 23,004,524 states left on queue.
Progress(29) at 2025-08-22 22:19:12: 788,565,615 states generated (3,001,053 s/min), 85,806,176 distinct states found (264,663 ds/min), 23,073,723 states left on queue.
Progress(29) at 2025-08-22 22:20:12: 791,165,818 states generated (2,600,203 s/min), 86,049,650 distinct states found (243,474 ds/min), 23,130,335 states left on queue.
Progress(29) at 2025-08-22 22:21:12: 793,332,306 states generated (2,166,488 s/min), 86,285,941 distinct states found (236,291 ds/min), 23,186,450 states left on queue.
Progress(29) at 2025-08-22 22:22:12: 796,569,709 states generated (3,237,403 s/min), 86,518,345 distinct states found (232,404 ds/min), 23,218,840 states left on queue.
Progress(29) at 2025-08-22 22:23:12: 798,678,086 states generated (2,108,377 s/min), 86,708,706 distinct states found (190,361 ds/min), 23,205,864 states left on queue.
Progress(30) at 2025-08-22 22:24:12: 801,231,351 states generated (2,553,265 s/min), 86,859,681 distinct states found (150,975 ds/min), 23,110,743 states left on queue.
Progress(30) at 2025-08-22 22:25:12: 803,206,622 states generated (1,975,271 s/min), 87,018,742 distinct states found (159,061 ds/min), 23,055,465 states left on queue.
Progress(30) at 2025-08-22 22:26:12: 805,413,600 states generated (2,206,978 s/min), 87,174,176 distinct states found (155,434 ds/min), 22,979,313 states left on queue.
Progress(30) at 2025-08-22 22:27:12: 807,543,610 states generated (2,130,010 s/min), 87,337,023 distinct states found (162,847 ds/min), 22,926,894 states left on queue.
Progress(30) at 2025-08-22 22:28:12: 809,572,324 states generated (2,028,714 s/min), 87,506,156 distinct states found (169,133 ds/min), 22,890,025 states left on queue.
Progress(30) at 2025-08-22 22:29:12: 811,451,669 states generated (1,879,345 s/min), 87,687,205 distinct states found (181,049 ds/min), 22,863,582 states left on queue.
Progress(30) at 2025-08-22 22:30:12: 813,501,038 states generated (2,049,369 s/min), 87,861,353 distinct states found (174,148 ds/min), 22,817,192 states left on queue.
Progress(30) at 2025-08-22 22:31:12: 815,600,512 states generated (2,099,474 s/min), 88,012,538 distinct states found (151,185 ds/min), 22,748,440 states left on queue.
Progress(30) at 2025-08-22 22:32:12: 817,556,589 states generated (1,956,077 s/min), 88,179,083 distinct states found (166,545 ds/min), 22,681,289 states left on queue.
Progress(30) at 2025-08-22 22:33:12: 819,518,801 states generated (1,962,212 s/min), 88,328,525 distinct states found (149,442 ds/min), 22,610,738 states left on queue.
Progress(30) at 2025-08-22 22:34:12: 821,403,047 states generated (1,884,246 s/min), 88,486,454 distinct states found (157,929 ds/min), 22,548,812 states left on queue.
Progress(30) at 2025-08-22 22:35:12: 823,184,872 states generated (1,781,825 s/min), 88,637,459 distinct states found (151,005 ds/min), 22,479,549 states left on queue.
Progress(30) at 2025-08-22 22:36:12: 824,968,729 states generated (1,783,857 s/min), 88,804,064 distinct states found (166,605 ds/min), 22,435,585 states left on queue.
Progress(30) at 2025-08-22 22:37:12: 826,901,131 states generated (1,932,402 s/min), 88,966,574 distinct states found (162,510 ds/min), 22,379,022 states left on queue.
Progress(30) at 2025-08-22 22:38:12: 828,849,890 states generated (1,948,759 s/min), 89,118,295 distinct states found (151,721 ds/min), 22,316,172 states left on queue.
Progress(30) at 2025-08-22 22:39:12: 831,455,122 states generated (2,605,232 s/min), 89,273,253 distinct states found (154,958 ds/min), 22,233,186 states left on queue.
Progress(30) at 2025-08-22 22:40:12: 833,503,212 states generated (2,048,090 s/min), 89,430,947 distinct states found (157,694 ds/min), 22,180,796 states left on queue.
Progress(30) at 2025-08-22 22:41:12: 835,670,498 states generated (2,167,286 s/min), 89,589,227 distinct states found (158,280 ds/min), 22,109,307 states left on queue.
Progress(30) at 2025-08-22 22:42:12: 837,707,017 states generated (2,036,519 s/min), 89,760,465 distinct states found (171,238 ds/min), 22,054,590 states left on queue.
Progress(30) at 2025-08-22 22:43:12: 839,772,765 states generated (2,065,748 s/min), 89,927,094 distinct states found (166,629 ds/min), 21,999,876 states left on queue.
Progress(30) at 2025-08-22 22:44:12: 842,196,274 states generated (2,423,509 s/min), 90,115,468 distinct states found (188,374 ds/min), 21,960,517 states left on queue.
Checkpointing of run states/25-08-22-15-35-40.837
Checkpointing completed at (2025-08-22 22:45:13)
Progress(30) at 2025-08-22 22:45:13: 844,203,743 states generated (2,007,469 s/min), 90,293,918 distinct states found (178,450 ds/min), 21,922,766 states left on queue.
Progress(30) at 2025-08-22 22:46:13: 846,675,945 states generated (2,472,202 s/min), 90,473,676 distinct states found (179,758 ds/min), 21,872,381 states left on queue.
Progress(30) at 2025-08-22 22:47:13: 848,881,029 states generated (2,205,084 s/min), 90,633,771 distinct states found (160,095 ds/min), 21,810,406 states left on queue.
Progress(30) at 2025-08-22 22:48:13: 851,042,669 states generated (2,161,640 s/min), 90,790,630 distinct states found (156,859 ds/min), 21,739,366 states left on queue.
Progress(30) at 2025-08-22 22:49:13: 853,266,720 states generated (2,224,051 s/min), 90,954,129 distinct states found (163,499 ds/min), 21,673,985 states left on queue.
Progress(30) at 2025-08-22 22:50:13: 855,286,343 states generated (2,019,623 s/min), 91,127,598 distinct states found (173,469 ds/min), 21,621,986 states left on queue.
Progress(30) at 2025-08-22 22:51:13: 857,362,587 states generated (2,076,244 s/min), 91,299,698 distinct states found (172,100 ds/min), 21,582,948 states left on queue.
Progress(30) at 2025-08-22 22:52:13: 859,299,754 states generated (1,937,167 s/min), 91,489,532 distinct states found (189,834 ds/min), 21,559,217 states left on queue.
Progress(30) at 2025-08-22 22:53:13: 861,286,985 states generated (1,987,231 s/min), 91,673,159 distinct states found (183,627 ds/min), 21,526,543 states left on queue.
Progress(30) at 2025-08-22 22:54:13: 863,600,592 states generated (2,313,607 s/min), 91,822,891 distinct states found (149,732 ds/min), 21,450,392 states left on queue.
Progress(30) at 2025-08-22 22:55:13: 865,565,242 states generated (1,964,650 s/min), 91,968,239 distinct states found (145,348 ds/min), 21,375,329 states left on queue.
Progress(30) at 2025-08-22 22:56:13: 868,166,870 states generated (2,601,628 s/min), 92,141,240 distinct states found (173,001 ds/min), 21,306,166 states left on queue.
Progress(30) at 2025-08-22 22:57:13: 871,655,927 states generated (3,489,057 s/min), 92,333,923 distinct states found (192,683 ds/min), 21,252,727 states left on queue.
Progress(30) at 2025-08-22 22:58:13: 877,482,561 states generated (5,826,634 s/min), 92,517,755 distinct states found (183,832 ds/min), 21,189,250 states left on queue.
Checking temporal properties for the current state space with 71573465 total distinct states at (2025-08-22 22:59:13)
Finished checking temporal properties in 55min 38s at 2025-08-22 23:54:52
Progress(30) at 2025-08-22 23:54:52: 882,149,737 states generated (4,667,176 s/min), 92,701,821 distinct states found (184,066 ds/min), 21,128,351 states left on queue.
Checkpointing of run states/25-08-22-15-35-40.837
Checkpointing completed at (2025-08-22 23:55:52)
Progress(30) at 2025-08-22 23:55:52: 889,339,937 states generated (7,190,200 s/min), 92,882,277 distinct states found (180,456 ds/min), 21,053,940 states left on queue.
Progress(30) at 2025-08-22 23:56:52: 894,782,866 states generated (5,442,929 s/min), 93,072,731 distinct states found (190,454 ds/min), 20,993,474 states left on queue.
Progress(30) at 2025-08-22 23:57:52: 898,291,418 states generated (3,508,552 s/min), 93,268,874 distinct states found (196,143 ds/min), 20,949,193 states left on queue.
Progress(30) at 2025-08-22 23:58:52: 902,515,970 states generated (4,224,552 s/min), 93,480,508 distinct states found (211,634 ds/min), 20,902,864 states left on queue.
Progress(30) at 2025-08-22 23:59:52: 906,419,585 states generated (3,903,615 s/min), 93,666,061 distinct states found (185,553 ds/min), 20,872,919 states left on queue.
Progress(30) at 2025-08-23 00:00:52: 911,387,415 states generated (4,967,830 s/min), 93,895,753 distinct states found (229,692 ds/min), 20,861,197 states left on queue.
Progress(30) at 2025-08-23 00:01:52: 915,156,207 states generated (3,768,792 s/min), 94,112,955 distinct states found (217,202 ds/min), 20,847,184 states left on queue.
Progress(30) at 2025-08-23 00:02:52: 917,623,386 states generated (2,467,179 s/min), 94,302,426 distinct states found (189,471 ds/min), 20,823,368 states left on queue.
Progress(30) at 2025-08-23 00:03:52: 921,266,694 states generated (3,643,308 s/min), 94,505,691 distinct states found (203,265 ds/min), 20,798,391 states left on queue.
Progress(30) at 2025-08-23 00:04:52: 925,427,671 states generated (4,160,977 s/min), 94,706,137 distinct states found (200,446 ds/min), 20,742,702 states left on queue.
Progress(30) at 2025-08-23 00:05:52: 927,445,489 states generated (2,017,818 s/min), 94,856,929 distinct states found (150,792 ds/min), 20,668,315 states left on queue.
Progress(30) at 2025-08-23 00:06:52: 929,355,417 states generated (1,909,928 s/min), 95,008,008 distinct states found (151,079 ds/min), 20,597,424 states left on queue.
Progress(30) at 2025-08-23 00:07:52: 931,132,124 states generated (1,776,707 s/min), 95,165,032 distinct states found (157,024 ds/min), 20,535,270 states left on queue.
Progress(30) at 2025-08-23 00:08:52: 932,965,648 states generated (1,833,524 s/min), 95,327,439 distinct states found (162,407 ds/min), 20,483,134 states left on queue.
Progress(30) at 2025-08-23 00:09:52: 934,733,406 states generated (1,767,758 s/min), 95,505,815 distinct states found (178,376 ds/min), 20,450,230 states left on queue.
Progress(30) at 2025-08-23 00:10:52: 936,599,903 states generated (1,866,497 s/min), 95,649,434 distinct states found (143,619 ds/min), 20,373,921 states left on queue.
Progress(30) at 2025-08-23 00:11:52: 938,391,998 states generated (1,792,095 s/min), 95,805,283 distinct states found (155,849 ds/min), 20,315,743 states left on queue.
Progress(30) at 2025-08-23 00:12:52: 940,237,448 states generated (1,845,450 s/min), 95,959,713 distinct states found (154,430 ds/min), 20,255,794 states left on queue.
Progress(30) at 2025-08-23 00:13:52: 942,141,352 states generated (1,903,904 s/min), 96,127,218 distinct states found (167,505 ds/min), 20,194,264 states left on queue.
Progress(30) at 2025-08-23 00:14:52: 944,034,849 states generated (1,893,497 s/min), 96,278,601 distinct states found (151,383 ds/min), 20,126,615 states left on queue.
Progress(30) at 2025-08-23 00:15:52: 945,813,365 states generated (1,778,516 s/min), 96,424,206 distinct states found (145,605 ds/min), 20,052,702 states left on queue.
Progress(30) at 2025-08-23 00:16:52: 947,596,556 states generated (1,783,191 s/min), 96,587,223 distinct states found (163,017 ds/min), 20,002,569 states left on queue.
Progress(30) at 2025-08-23 00:17:52: 949,598,883 states generated (2,002,327 s/min), 96,745,858 distinct states found (158,635 ds/min), 19,938,085 states left on queue.
Progress(30) at 2025-08-23 00:18:52: 951,872,766 states generated (2,273,883 s/min), 96,903,209 distinct states found (157,351 ds/min), 19,868,100 states left on queue.
Progress(30) at 2025-08-23 00:19:52: 954,147,050 states generated (2,274,284 s/min), 97,054,863 distinct states found (151,654 ds/min), 19,792,527 states left on queue.
Progress(30) at 2025-08-23 00:20:52: 956,400,951 states generated (2,253,901 s/min), 97,219,219 distinct states found (164,356 ds/min), 19,732,132 states left on queue.
Progress(30) at 2025-08-23 00:21:52: 958,347,215 states generated (1,946,264 s/min), 97,381,399 distinct states found (162,180 ds/min), 19,685,470 states left on queue.
Progress(30) at 2025-08-23 00:22:52: 960,366,389 states generated (2,019,174 s/min), 97,559,457 distinct states found (178,058 ds/min), 19,651,356 states left on queue.
Progress(30) at 2025-08-23 00:23:52: 962,269,287 states generated (1,902,898 s/min), 97,727,174 distinct states found (167,717 ds/min), 19,610,247 states left on queue.
Progress(30) at 2025-08-23 00:24:52: 964,590,652 states generated (2,321,365 s/min), 97,898,597 distinct states found (171,423 ds/min), 19,551,265 states left on queue.
Checkpointing of run states/25-08-22-15-35-40.837
Checkpointing completed at (2025-08-23 00:25:53)
Progress(30) at 2025-08-23 00:25:53: 966,620,684 states generated (2,030,032 s/min), 98,056,006 distinct states found (157,409 ds/min), 19,485,754 states left on queue.
Progress(30) at 2025-08-23 00:26:53: 968,451,162 states generated (1,830,478 s/min), 98,203,687 distinct states found (147,681 ds/min), 19,411,765 states left on queue.
Progress(30) at 2025-08-23 00:27:53: 970,298,839 states generated (1,847,677 s/min), 98,361,695 distinct states found (158,008 ds/min), 19,349,387 states left on queue.
Progress(30) at 2025-08-23 00:28:53: 972,104,896 states generated (1,806,057 s/min), 98,526,138 distinct states found (164,443 ds/min), 19,298,115 states left on queue.
Progress(30) at 2025-08-23 00:29:53: 973,841,580 states generated (1,736,684 s/min), 98,690,338 distinct states found (164,200 ds/min), 19,258,886 states left on queue.
Progress(30) at 2025-08-23 00:30:53: 975,719,865 states generated (1,878,285 s/min), 98,837,172 distinct states found (146,834 ds/min), 19,186,572 states left on queue.
Progress(30) at 2025-08-23 00:31:53: 977,491,144 states generated (1,771,279 s/min), 98,998,458 distinct states found (161,286 ds/min), 19,131,517 states left on queue.
Progress(30) at 2025-08-23 00:32:53: 979,383,966 states generated (1,892,822 s/min), 99,153,118 distinct states found (154,660 ds/min), 19,065,744 states left on queue.
Progress(30) at 2025-08-23 00:33:53: 981,217,540 states generated (1,833,574 s/min), 99,302,779 distinct states found (149,661 ds/min), 18,998,388 states left on queue.
Progress(30) at 2025-08-23 00:34:53: 983,036,129 states generated (1,818,589 s/min), 99,458,013 distinct states found (155,234 ds/min), 18,930,019 states left on queue.
Progress(30) at 2025-08-23 00:35:53: 984,811,250 states generated (1,775,121 s/min), 99,629,873 distinct states found (171,860 ds/min), 18,891,691 states left on queue.
Progress(30) at 2025-08-23 00:36:53: 986,699,030 states generated (1,887,780 s/min), 99,790,602 distinct states found (160,729 ds/min), 18,835,093 states left on queue.
Progress(30) at 2025-08-23 00:37:53: 988,577,683 states generated (1,878,653 s/min), 99,939,330 distinct states found (148,728 ds/min), 18,762,578 states left on queue.
Progress(30) at 2025-08-23 00:38:53: 990,350,194 states generated (1,772,511 s/min), 100,093,562 distinct states found (154,232 ds/min), 18,698,726 states left on queue.
Progress(30) at 2025-08-23 00:39:53: 992,163,823 states generated (1,813,629 s/min), 100,264,923 distinct states found (171,361 ds/min), 18,659,795 states left on queue.
Progress(30) at 2025-08-23 00:40:53: 994,054,329 states generated (1,890,506 s/min), 100,426,844 distinct states found (161,921 ds/min), 18,604,558 states left on queue.
Progress(30) at 2025-08-23 00:41:53: 995,849,722 states generated (1,795,393 s/min), 100,574,383 distinct states found (147,539 ds/min), 18,532,847 states left on queue.
Progress(30) at 2025-08-23 00:42:53: 997,662,669 states generated (1,812,947 s/min), 100,734,773 distinct states found (160,390 ds/min), 18,483,400 states left on queue.
Progress(30) at 2025-08-23 00:43:53: 999,484,386 states generated (1,821,717 s/min), 100,886,451 distinct states found (151,678 ds/min), 18,420,338 states left on queue.
Progress(30) at 2025-08-23 00:44:53: 1,001,322,695 states generated (1,838,309 s/min), 101,040,002 distinct states found (153,551 ds/min), 18,351,217 states left on queue.
Progress(30) at 2025-08-23 00:45:53: 1,003,159,369 states generated (1,836,674 s/min), 101,197,756 distinct states found (157,754 ds/min), 18,290,770 states left on queue.
Progress(30) at 2025-08-23 00:46:53: 1,004,927,204 states generated (1,767,835 s/min), 101,372,014 distinct states found (174,258 ds/min), 18,254,831 states left on queue.
Progress(30) at 2025-08-23 00:47:53: 1,006,975,657 states generated (2,048,453 s/min), 101,537,932 distinct states found (165,918 ds/min), 18,192,287 states left on queue.
Progress(30) at 2025-08-23 00:48:53: 1,010,279,779 states generated (3,304,122 s/min), 101,720,153 distinct states found (182,221 ds/min), 18,127,966 states left on queue.
Progress(30) at 2025-08-23 00:49:53: 1,013,438,217 states generated (3,158,438 s/min), 101,919,654 distinct states found (199,501 ds/min), 18,083,913 states left on queue.
Progress(30) at 2025-08-23 00:50:53: 1,020,122,718 states generated (6,684,501 s/min), 102,093,936 distinct states found (174,282 ds/min), 18,005,884 states left on queue.
Progress(30) at 2025-08-23 00:51:53: 1,027,949,721 states generated (7,827,003 s/min), 102,277,234 distinct states found (183,298 ds/min), 17,919,741 states left on queue.
Progress(30) at 2025-08-23 00:52:53: 1,032,588,461 states generated (4,638,740 s/min), 102,465,558 distinct states found (188,324 ds/min), 17,865,594 states left on queue.
Progress(30) at 2025-08-23 00:53:53: 1,037,876,186 states generated (5,287,725 s/min), 102,682,340 distinct states found (216,782 ds/min), 17,810,664 states left on queue.
Progress(30) at 2025-08-23 00:54:53: 1,041,602,765 states generated (3,726,579 s/min), 102,868,594 distinct states found (186,254 ds/min), 17,759,367 states left on queue.
Checkpointing of run states/25-08-22-15-35-40.837
Checkpointing completed at (2025-08-23 00:55:55)
Progress(30) at 2025-08-23 00:55:55: 1,045,249,971 states generated (3,647,206 s/min), 103,054,920 distinct states found (186,326 ds/min), 17,720,071 states left on queue.
Progress(30) at 2025-08-23 00:56:55: 1,049,571,546 states generated (4,321,575 s/min), 103,265,696 distinct states found (210,776 ds/min), 17,707,927 states left on queue.
Progress(30) at 2025-08-23 00:57:55: 1,053,939,801 states generated (4,368,255 s/min), 103,498,599 distinct states found (232,903 ds/min), 17,696,348 states left on queue.
Progress(30) at 2025-08-23 00:58:55: 1,057,755,762 states generated (3,815,961 s/min), 103,707,612 distinct states found (209,013 ds/min), 17,669,541 states left on queue.
Progress(30) at 2025-08-23 00:59:55: 1,060,648,059 states generated (2,892,297 s/min), 103,900,789 distinct states found (193,177 ds/min), 17,643,844 states left on queue.
Progress(30) at 2025-08-23 01:00:55: 1,064,325,081 states generated (3,677,022 s/min), 104,123,792 distinct states found (223,003 ds/min), 17,630,089 states left on queue.
Progress(31) at 2025-08-23 01:01:55: 1,066,869,041 states generated (2,543,960 s/min), 104,276,973 distinct states found (153,181 ds/min), 17,546,780 states left on queue.
Progress(31) at 2025-08-23 01:02:55: 1,069,153,759 states generated (2,284,718 s/min), 104,400,938 distinct states found (123,965 ds/min), 17,411,810 states left on queue.
Progress(31) at 2025-08-23 01:03:55: 1,071,530,830 states generated (2,377,071 s/min), 104,525,346 distinct states found (124,408 ds/min), 17,273,209 states left on queue.
Progress(31) at 2025-08-23 01:04:55: 1,073,943,061 states generated (2,412,231 s/min), 104,653,452 distinct states found (128,106 ds/min), 17,152,913 states left on queue.
Progress(31) at 2025-08-23 01:05:55: 1,076,136,183 states generated (2,193,122 s/min), 104,795,547 distinct states found (142,095 ds/min), 17,044,537 states left on queue.
Progress(31) at 2025-08-23 01:06:55: 1,078,393,673 states generated (2,257,490 s/min), 104,925,257 distinct states found (129,710 ds/min), 16,910,374 states left on queue.
Progress(31) at 2025-08-23 01:07:55: 1,080,168,374 states generated (1,774,701 s/min), 105,060,044 distinct states found (134,787 ds/min), 16,790,423 states left on queue.
Progress(31) at 2025-08-23 01:08:55: 1,081,943,749 states generated (1,775,375 s/min), 105,177,240 distinct states found (117,196 ds/min), 16,656,639 states left on queue.
Progress(31) at 2025-08-23 01:09:55: 1,083,582,698 states generated (1,638,949 s/min), 105,294,173 distinct states found (116,933 ds/min), 16,530,453 states left on queue.
Progress(31) at 2025-08-23 01:10:55: 1,085,347,578 states generated (1,764,880 s/min), 105,420,004 distinct states found (125,831 ds/min), 16,407,525 states left on queue.
Progress(31) at 2025-08-23 01:11:55: 1,087,553,314 states generated (2,205,736 s/min), 105,544,607 distinct states found (124,603 ds/min), 16,276,335 states left on queue.
Progress(31) at 2025-08-23 01:12:55: 1,090,172,616 states generated (2,619,302 s/min), 105,673,452 distinct states found (128,845 ds/min), 16,140,132 states left on queue.
Progress(31) at 2025-08-23 01:13:55: 1,092,606,011 states generated (2,433,395 s/min), 105,811,487 distinct states found (138,035 ds/min), 16,008,182 states left on queue.
Progress(31) at 2025-08-23 01:14:55: 1,095,190,663 states generated (2,584,652 s/min), 105,945,493 distinct states found (134,006 ds/min), 15,888,654 states left on queue.
Progress(31) at 2025-08-23 01:15:55: 1,097,668,412 states generated (2,477,749 s/min), 106,089,955 distinct states found (144,462 ds/min), 15,770,641 states left on queue.
Progress(31) at 2025-08-23 01:16:55: 1,100,371,140 states generated (2,702,728 s/min), 106,237,787 distinct states found (147,832 ds/min), 15,651,820 states left on queue.
Progress(31) at 2025-08-23 01:17:55: 1,102,916,061 states generated (2,544,921 s/min), 106,366,499 distinct states found (128,712 ds/min), 15,510,133 states left on queue.
Progress(31) at 2025-08-23 01:18:55: 1,105,439,431 states generated (2,523,370 s/min), 106,500,463 distinct states found (133,964 ds/min), 15,373,928 states left on queue.
Progress(31) at 2025-08-23 01:19:55: 1,107,995,648 states generated (2,556,217 s/min), 106,643,716 distinct states found (143,253 ds/min), 15,261,819 states left on queue.
Progress(31) at 2025-08-23 01:20:55: 1,110,243,193 states generated (2,247,545 s/min), 106,793,571 distinct states found (149,855 ds/min), 15,157,489 states left on queue.
Progress(31) at 2025-08-23 01:21:55: 1,112,339,123 states generated (2,095,930 s/min), 106,915,708 distinct states found (122,137 ds/min), 15,029,695 states left on queue.
Progress(31) at 2025-08-23 01:22:55: 1,114,954,523 states generated (2,615,400 s/min), 107,055,703 distinct states found (139,995 ds/min), 14,897,178 states left on queue.
Progress(31) at 2025-08-23 01:23:55: 1,119,989,629 states generated (5,035,106 s/min), 107,234,900 distinct states found (179,197 ds/min), 14,761,098 states left on queue.
Progress(31) at 2025-08-23 01:24:55: 1,130,313,886 states generated (10,324,257 s/min), 107,395,111 distinct states found (160,211 ds/min), 14,584,738 states left on queue.
Checkpointing of run states/25-08-22-15-35-40.837
Checkpointing completed at (2025-08-23 01:25:56)
Progress(31) at 2025-08-23 01:25:56: 1,140,688,536 states generated (10,374,650 s/min), 107,563,934 distinct states found (168,823 ds/min), 14,414,997 states left on queue.
Progress(31) at 2025-08-23 01:26:56: 1,146,455,329 states generated (5,766,793 s/min), 107,757,147 distinct states found (193,213 ds/min), 14,283,061 states left on queue.
Progress(31) at 2025-08-23 01:27:56: 1,155,316,714 states generated (8,861,385 s/min), 107,924,938 distinct states found (167,791 ds/min), 14,155,830 states left on queue.
Progress(31) at 2025-08-23 01:28:56: 1,164,495,201 states generated (9,178,487 s/min), 108,135,670 distinct states found (210,732 ds/min), 14,042,961 states left on queue.
Progress(31) at 2025-08-23 01:29:56: 1,169,674,741 states generated (5,179,540 s/min), 108,305,113 distinct states found (169,443 ds/min), 13,929,106 states left on queue.
Progress(31) at 2025-08-23 01:30:56: 1,176,485,103 states generated (6,810,362 s/min), 108,505,110 distinct states found (199,997 ds/min), 13,810,143 states left on queue.
Progress(31) at 2025-08-23 01:31:56: 1,178,334,226 states generated (1,849,123 s/min), 108,624,692 distinct states found (119,582 ds/min), 13,677,270 states left on queue.
Progress(31) at 2025-08-23 01:32:56: 1,180,027,954 states generated (1,693,728 s/min), 108,744,613 distinct states found (119,921 ds/min), 13,551,449 states left on queue.
Progress(31) at 2025-08-23 01:33:56: 1,181,733,862 states generated (1,705,908 s/min), 108,873,110 distinct states found (128,497 ds/min), 13,432,482 states left on queue.
Progress(31) at 2025-08-23 01:34:56: 1,183,409,756 states generated (1,675,894 s/min), 108,991,616 distinct states found (118,506 ds/min), 13,302,323 states left on queue.
Progress(31) at 2025-08-23 01:35:56: 1,185,081,319 states generated (1,671,563 s/min), 109,113,336 distinct states found (121,720 ds/min), 13,179,278 states left on queue.
Progress(31) at 2025-08-23 01:36:56: 1,186,840,650 states generated (1,759,331 s/min), 109,243,333 distinct states found (129,997 ds/min), 13,055,082 states left on queue.
Progress(31) at 2025-08-23 01:37:56: 1,188,516,477 states generated (1,675,827 s/min), 109,361,012 distinct states found (117,679 ds/min), 12,923,003 states left on queue.
Progress(31) at 2025-08-23 01:38:56: 1,190,214,630 states generated (1,698,153 s/min), 109,487,198 distinct states found (126,186 ds/min), 12,798,887 states left on queue.
Progress(31) at 2025-08-23 01:39:56: 1,192,519,696 states generated (2,305,066 s/min), 109,612,752 distinct states found (125,554 ds/min), 12,663,341 states left on queue.
Progress(31) at 2025-08-23 01:40:56: 1,195,070,050 states generated (2,550,354 s/min), 109,736,139 distinct states found (123,387 ds/min), 12,520,837 states left on queue.
Progress(31) at 2025-08-23 01:41:56: 1,197,332,817 states generated (2,262,767 s/min), 109,857,529 distinct states found (121,390 ds/min), 12,400,816 states left on queue.
Progress(31) at 2025-08-23 01:42:56: 1,199,676,802 states generated (2,343,985 s/min), 109,994,888 distinct states found (137,359 ds/min), 12,276,505 states left on queue.
Progress(31) at 2025-08-23 01:43:56: 1,201,889,396 states generated (2,212,594 s/min), 110,137,151 distinct states found (142,263 ds/min), 12,157,662 states left on queue.
Progress(31) at 2025-08-23 01:44:56: 1,203,659,993 states generated (1,770,597 s/min), 110,254,419 distinct states found (117,268 ds/min), 12,023,788 states left on queue.
Progress(31) at 2025-08-23 01:45:56: 1,205,373,243 states generated (1,713,250 s/min), 110,372,720 distinct states found (118,301 ds/min), 11,894,664 states left on queue.
Progress(31) at 2025-08-23 01:46:56: 1,207,078,113 states generated (1,704,870 s/min), 110,503,042 distinct states found (130,322 ds/min), 11,780,369 states left on queue.
Progress(31) at 2025-08-23 01:47:56: 1,208,719,136 states generated (1,641,023 s/min), 110,617,705 distinct states found (114,663 ds/min), 11,648,855 states left on queue.
Progress(31) at 2025-08-23 01:48:56: 1,210,428,271 states generated (1,709,135 s/min), 110,740,064 distinct states found (122,359 ds/min), 11,522,083 states left on queue.
Progress(31) at 2025-08-23 01:49:56: 1,212,155,515 states generated (1,727,244 s/min), 110,855,542 distinct states found (115,478 ds/min), 11,382,806 states left on queue.
Progress(31) at 2025-08-23 01:50:56: 1,213,823,750 states generated (1,668,235 s/min), 110,988,959 distinct states found (133,417 ds/min), 11,273,397 states left on queue.
Progress(31) at 2025-08-23 01:51:56: 1,215,616,498 states generated (1,792,748 s/min), 111,102,450 distinct states found (113,491 ds/min), 11,129,973 states left on queue.
Progress(31) at 2025-08-23 01:52:56: 1,217,340,317 states generated (1,723,819 s/min), 111,227,860 distinct states found (125,410 ds/min), 11,008,062 states left on queue.
Progress(31) at 2025-08-23 01:53:56: 1,219,083,588 states generated (1,743,271 s/min), 111,353,622 distinct states found (125,762 ds/min), 10,885,952 states left on queue.
Progress(31) at 2025-08-23 01:54:56: 1,220,631,700 states generated (1,548,112 s/min), 111,462,769 distinct states found (109,147 ds/min), 10,764,026 states left on queue.
Checkpointing of run states/25-08-22-15-35-40.837
Checkpointing completed at (2025-08-23 01:55:57)
Progress(31) at 2025-08-23 01:55:57: 1,222,438,436 states generated (1,806,736 s/min), 111,588,102 distinct states found (125,333 ds/min), 10,632,656 states left on queue.
Progress(31) at 2025-08-23 01:56:57: 1,224,159,086 states generated (1,720,650 s/min), 111,708,806 distinct states found (120,704 ds/min), 10,498,180 states left on queue.
Progress(31) at 2025-08-23 01:57:57: 1,225,860,436 states generated (1,701,350 s/min), 111,842,988 distinct states found (134,182 ds/min), 10,384,524 states left on queue.
Progress(31) at 2025-08-23 01:58:57: 1,229,925,785 states generated (4,065,349 s/min), 112,006,909 distinct states found (163,921 ds/min), 10,244,009 states left on queue.
Progress(31) at 2025-08-23 01:59:57: 1,237,214,112 states generated (7,288,327 s/min), 112,178,922 distinct states found (172,013 ds/min), 10,085,564 states left on queue.
Progress(31) at 2025-08-23 02:00:57: 1,248,491,256 states generated (11,277,144 s/min), 112,352,313 distinct states found (173,391 ds/min), 9,907,129 states left on queue.
Progress(31) at 2025-08-23 02:01:57: 1,254,936,531 states generated (6,445,275 s/min), 112,541,094 distinct states found (188,781 ds/min), 9,767,539 states left on queue.
Progress(31) at 2025-08-23 02:02:57: 1,262,377,970 states generated (7,441,439 s/min), 112,700,881 distinct states found (159,787 ds/min), 9,630,555 states left on queue.
Progress(31) at 2025-08-23 02:03:57: 1,272,149,047 states generated (9,771,077 s/min), 112,915,377 distinct states found (214,496 ds/min), 9,515,421 states left on queue.
Progress(31) at 2025-08-23 02:04:57: 1,279,942,145 states generated (7,793,098 s/min), 113,103,970 distinct states found (188,593 ds/min), 9,390,449 states left on queue.
Progress(31) at 2025-08-23 02:05:57: 1,286,489,076 states generated (6,546,931 s/min), 113,294,078 distinct states found (190,108 ds/min), 9,288,041 states left on queue.
Progress(32) at 2025-08-23 02:06:57: 1,290,452,914 states generated (3,963,838 s/min), 113,442,382 distinct states found (148,304 ds/min), 9,137,967 states left on queue.
Progress(32) at 2025-08-23 02:07:57: 1,294,029,637 states generated (3,576,723 s/min), 113,544,332 distinct states found (101,950 ds/min), 8,913,964 states left on queue.
Progress(32) at 2025-08-23 02:08:57: 1,297,408,431 states generated (3,378,794 s/min), 113,658,962 distinct states found (114,630 ds/min), 8,706,385 states left on queue.
Progress(32) at 2025-08-23 02:09:57: 1,299,145,490 states generated (1,737,059 s/min), 113,753,321 distinct states found (94,359 ds/min), 8,504,904 states left on queue.
Progress(32) at 2025-08-23 02:10:57: 1,301,294,053 states generated (2,148,563 s/min), 113,853,564 distinct states found (100,243 ds/min), 8,305,930 states left on queue.
Progress(32) at 2025-08-23 02:11:57: 1,305,514,447 states generated (4,220,394 s/min), 113,965,009 distinct states found (111,445 ds/min), 8,074,286 states left on queue.
Progress(32) at 2025-08-23 02:12:57: 1,309,756,201 states generated (4,241,754 s/min), 114,091,175 distinct states found (126,166 ds/min), 7,868,951 states left on queue.
Progress(32) at 2025-08-23 02:13:57: 1,314,022,986 states generated (4,266,785 s/min), 114,203,279 distinct states found (112,104 ds/min), 7,633,986 states left on queue.
Progress(32) at 2025-08-23 02:14:57: 1,317,767,264 states generated (3,744,278 s/min), 114,325,056 distinct states found (121,777 ds/min), 7,429,039 states left on queue.
Progress(32) at 2025-08-23 02:15:57: 1,327,221,168 states generated (9,453,904 s/min), 114,475,235 distinct states found (150,179 ds/min), 7,157,140 states left on queue.
Progress(32) at 2025-08-23 02:16:57: 1,345,923,940 states generated (18,702,772 s/min), 114,640,823 distinct states found (165,588 ds/min), 6,843,012 states left on queue.
Progress(32) at 2025-08-23 02:17:57: 1,366,345,221 states generated (20,421,281 s/min), 114,816,225 distinct states found (175,402 ds/min), 6,586,711 states left on queue.
Progress(32) at 2025-08-23 02:18:57: 1,377,786,686 states generated (11,441,465 s/min), 114,960,523 distinct states found (144,298 ds/min), 6,358,181 states left on queue.
Progress(32) at 2025-08-23 02:19:57: 1,379,590,134 states generated (1,803,448 s/min), 115,054,899 distinct states found (94,376 ds/min), 6,161,916 states left on queue.
Progress(32) at 2025-08-23 02:20:57: 1,381,192,446 states generated (1,602,312 s/min), 115,144,742 distinct states found (89,843 ds/min), 5,960,948 states left on queue.
Progress(32) at 2025-08-23 02:21:57: 1,382,733,179 states generated (1,540,733 s/min), 115,240,798 distinct states found (96,056 ds/min), 5,767,067 states left on queue.
Progress(32) at 2025-08-23 02:22:57: 1,386,341,002 states generated (3,607,823 s/min), 115,340,744 distinct states found (99,946 ds/min), 5,536,190 states left on queue.
Progress(32) at 2025-08-23 02:23:57: 1,390,002,938 states generated (3,661,936 s/min), 115,456,237 distinct states found (115,493 ds/min), 5,323,692 states left on queue.
Progress(32) at 2025-08-23 02:24:57: 1,391,831,065 states generated (1,828,127 s/min), 115,548,771 distinct states found (92,534 ds/min), 5,122,499 states left on queue.
Checkpointing of run states/25-08-22-15-35-40.837
Checkpointing completed at (2025-08-23 02:25:59)
Progress(32) at 2025-08-23 02:25:59: 1,393,510,245 states generated (1,679,180 s/min), 115,642,463 distinct states found (93,692 ds/min), 4,914,021 states left on queue.
Progress(32) at 2025-08-23 02:26:59: 1,395,304,823 states generated (1,794,578 s/min), 115,735,699 distinct states found (93,236 ds/min), 4,710,201 states left on queue.
Progress(32) at 2025-08-23 02:27:59: 1,397,148,690 states generated (1,843,867 s/min), 115,828,362 distinct states found (92,663 ds/min), 4,507,005 states left on queue.
Progress(32) at 2025-08-23 02:28:59: 1,398,784,359 states generated (1,635,669 s/min), 115,916,665 distinct states found (88,303 ds/min), 4,309,358 states left on queue.
Progress(32) at 2025-08-23 02:29:59: 1,401,374,636 states generated (2,590,277 s/min), 116,026,045 distinct states found (109,380 ds/min), 4,095,585 states left on queue.
Progress(32) at 2025-08-23 02:30:59: 1,419,655,926 states generated (18,281,290 s/min), 116,201,606 distinct states found (175,561 ds/min), 3,765,760 states left on queue.
Progress(32) at 2025-08-23 02:31:59: 1,438,851,607 states generated (19,195,681 s/min), 116,378,619 distinct states found (177,013 ds/min), 3,493,031 states left on queue.
Progress(32) at 2025-08-23 02:32:59: 1,456,820,262 states generated (17,968,655 s/min), 116,541,119 distinct states found (162,500 ds/min), 3,246,415 states left on queue.
Progress(33) at 2025-08-23 02:33:59: 1,463,594,049 states generated (6,773,787 s/min), 116,651,524 distinct states found (110,405 ds/min), 2,935,526 states left on queue.
Progress(33) at 2025-08-23 02:34:59: 1,472,041,951 states generated (8,447,902 s/min), 116,758,901 distinct states found (107,377 ds/min), 2,541,138 states left on queue.
Progress(33) at 2025-08-23 02:35:59: 1,492,653,449 states generated (20,611,498 s/min), 116,862,325 distinct states found (103,424 ds/min), 2,173,853 states left on queue.
Progress(33) at 2025-08-23 02:36:59: 1,510,940,532 states generated (18,287,083 s/min), 116,954,509 distinct states found (92,184 ds/min), 1,858,215 states left on queue.
Progress(33) at 2025-08-23 02:37:59: 1,515,621,455 states generated (4,680,923 s/min), 117,039,766 distinct states found (85,257 ds/min), 1,528,733 states left on queue.
Progress(33) at 2025-08-23 02:38:59: 1,517,898,099 states generated (2,276,644 s/min), 117,110,065 distinct states found (70,299 ds/min), 1,234,873 states left on queue.
Progress(33) at 2025-08-23 02:39:59: 1,534,870,743 states generated (16,972,644 s/min), 117,204,017 distinct states found (93,952 ds/min), 893,320 states left on queue.
Progress(34) at 2025-08-23 02:40:59: 1,558,684,626 states generated (23,813,883 s/min), 117,291,353 distinct states found (87,336 ds/min), 527,256 states left on queue.
Progress(34) at 2025-08-23 02:41:59: 1,577,597,997 states generated (18,913,371 s/min), 117,344,371 distinct states found (53,018 ds/min), 131,627 states left on queue.
Progress(36) at 2025-08-23 02:42:21: 1,585,718,392 states generated, 117,355,952 distinct states found, 0 states left on queue.
Checking temporal properties for the complete state space with 117355952 total distinct states at (2025-08-23 02:42:21)
Finished checking temporal properties in 01h 26min at 2025-08-23 04:08:38
Model checking completed. No error has been found.
  Estimates of the probability that TLC did not check all reachable states
  because two distinct states had the same fingerprint:
  calculated (optimistic):  val = .0093
  based on the actual fingerprints:  val = 5.5E-4
1585718392 states generated, 117355952 distinct states found, 0 states left on queue.
The depth of the complete state graph search is 36.
The average outdegree of the complete state graph is 1 (minimum is 0, the maximum 15 and the 95th percentile is 4).
Finished in 12h 33min at (2025-08-23 04:08:48)
